2023-05-17 13:35:29,194 [Worker-8: Loading available Gradle versions] INFO  o.e.b.c.i.u.g.PublishedGradleVersions - Gradle version information cache is up-to-date. Trying to read.
2023-05-17 13:35:52,991 [Worker-5: Building] INFO  o.e.m.c.i.l.LifecycleMappingFactory - Using org.eclipse.m2e.jdt.JarLifecycleMapping lifecycle mapping for MavenProject: com.vti.vtes:vtes-backend:0.0.1-SNAPSHOT @ C:\Users\VJP-USER\Desktop\Data\STS4\vtes\pom.xml.
2023-05-17 13:35:54,637 [Worker-5: Building] INFO  o.a.m.s.f.DefaultMavenResourcesFiltering - Copying 1 resource from src\main\resources to target\classes
2023-05-17 13:35:54,664 [Worker-5: Building] INFO  o.a.m.s.f.DefaultMavenResourcesFiltering - Copying 0 resource from src\main\resources to target\classes
2023-05-17 13:35:54,668 [Worker-5: Building] INFO  o.a.m.s.f.DefaultMavenResourcesFiltering - skip non existing resourceDirectory C:\Users\VJP-USER\Desktop\Data\STS4\vtes\src\test\resources
2023-05-17 13:35:54,918 [Worker-1: Updating Maven Dependencies] INFO  o.e.m.c.i.l.LifecycleMappingFactory - Using org.eclipse.m2e.jdt.JarLifecycleMapping lifecycle mapping for MavenProject: com.vti.vtes:vtes-backend:0.0.1-SNAPSHOT @ C:\Users\VJP-USER\Desktop\Data\STS4\vtes\pom.xml.
2023-05-17 13:38:25,560 [Worker-7: Building] INFO  o.a.m.s.f.DefaultMavenResourcesFiltering - Copying 1 resource from src\main\resources to target\classes
2023-05-17 13:38:25,563 [Worker-7: Building] INFO  o.a.m.s.f.DefaultMavenResourcesFiltering - Copying 0 resource from src\main\resources to target\classes
2023-05-17 13:38:25,565 [Worker-7: Building] INFO  o.a.m.s.f.DefaultMavenResourcesFiltering - skip non existing resourceDirectory C:\Users\VJP-USER\Desktop\Data\STS4\vtes\src\test\resources
2023-05-17 13:40:48,933 [Worker-4: Building] INFO  o.a.m.s.f.DefaultMavenResourcesFiltering - Copying 1 resource from src\main\resources to target\classes
2023-05-17 13:40:48,938 [Worker-4: Building] INFO  o.a.m.s.f.DefaultMavenResourcesFiltering - Copying 0 resource from src\main\resources to target\classes
2023-05-17 13:40:48,941 [Worker-4: Building] INFO  o.a.m.s.f.DefaultMavenResourcesFiltering - skip non existing resourceDirectory C:\Users\VJP-USER\Desktop\Data\STS4\vtes\src\test\resources
2023-05-17 13:41:46,335 [Worker-13: Building] INFO  o.a.m.s.f.DefaultMavenResourcesFiltering - Copying 1 resource from src\main\resources to target\classes
2023-05-17 13:41:46,340 [Worker-13: Building] INFO  o.a.m.s.f.DefaultMavenResourcesFiltering - Copying 0 resource from src\main\resources to target\classes
2023-05-17 13:41:46,342 [Worker-13: Building] INFO  o.a.m.s.f.DefaultMavenResourcesFiltering - skip non existing resourceDirectory C:\Users\VJP-USER\Desktop\Data\STS4\vtes\src\test\resources
2023-05-17 13:41:51,543 [Worker-2: Building] INFO  o.a.m.s.f.DefaultMavenResourcesFiltering - Copying 1 resource from src\main\resources to target\classes
2023-05-17 13:41:51,548 [Worker-2: Building] INFO  o.a.m.s.f.DefaultMavenResourcesFiltering - Copying 0 resource from src\main\resources to target\classes
2023-05-17 13:41:51,550 [Worker-2: Building] INFO  o.a.m.s.f.DefaultMavenResourcesFiltering - skip non existing resourceDirectory C:\Users\VJP-USER\Desktop\Data\STS4\vtes\src\test\resources
2023-05-17 13:41:56,339 [Worker-15: Launching Executing clean in C__Users_VJP-USER_Desktop_Data_STS4_vtes] INFO  o.eclipse.m2e.core.internal.Bundles - getClasspathEntries(Bundle=org.eclipse.m2e.maven.runtime_3.8.701.20230209-1606 [346])
2023-05-17 13:41:56,343 [Worker-15: Launching Executing clean in C__Users_VJP-USER_Desktop_Data_STS4_vtes] INFO  o.eclipse.m2e.core.internal.Bundles - 	Entry: C:\Users\VJP-USER\Downloads\sts-4.18.0.RELEASE\plugins\org.eclipse.m2e.maven.runtime_3.8.701.20230209-1606
2023-05-17 13:41:56,343 [Worker-15: Launching Executing clean in C__Users_VJP-USER_Desktop_Data_STS4_vtes] INFO  o.eclipse.m2e.core.internal.Bundles - 	Entry: C:\Users\VJP-USER\Downloads\sts-4.18.0.RELEASE\plugins\org.eclipse.m2e.maven.runtime_3.8.701.20230209-1606\jars\aether-connector-okhttp-0.17.8.jar
2023-05-17 13:41:56,343 [Worker-15: Launching Executing clean in C__Users_VJP-USER_Desktop_Data_STS4_vtes] INFO  o.eclipse.m2e.core.internal.Bundles - 	Entry: C:\Users\VJP-USER\Downloads\sts-4.18.0.RELEASE\plugins\org.eclipse.m2e.maven.runtime_3.8.701.20230209-1606\jars\commons-lang3-3.8.1.jar
2023-05-17 13:41:56,343 [Worker-15: Launching Executing clean in C__Users_VJP-USER_Desktop_Data_STS4_vtes] INFO  o.eclipse.m2e.core.internal.Bundles - 	Entry: C:\Users\VJP-USER\Downloads\sts-4.18.0.RELEASE\plugins\org.eclipse.m2e.maven.runtime_3.8.701.20230209-1606\jars\guice-4.2.2-no_aop.jar
2023-05-17 13:41:56,343 [Worker-15: Launching Executing clean in C__Users_VJP-USER_Desktop_Data_STS4_vtes] INFO  o.eclipse.m2e.core.internal.Bundles - 	Entry: C:\Users\VJP-USER\Downloads\sts-4.18.0.RELEASE\plugins\org.eclipse.m2e.maven.runtime_3.8.701.20230209-1606\jars\jansi-2.4.0.jar
2023-05-17 13:41:56,344 [Worker-15: Launching Executing clean in C__Users_VJP-USER_Desktop_Data_STS4_vtes] INFO  o.eclipse.m2e.core.internal.Bundles - 	Entry: C:\Users\VJP-USER\Downloads\sts-4.18.0.RELEASE\plugins\org.eclipse.m2e.maven.runtime_3.8.701.20230209-1606\jars\maven-artifact-3.8.7.jar
2023-05-17 13:41:56,344 [Worker-15: Launching Executing clean in C__Users_VJP-USER_Desktop_Data_STS4_vtes] INFO  o.eclipse.m2e.core.internal.Bundles - 	Entry: C:\Users\VJP-USER\Downloads\sts-4.18.0.RELEASE\plugins\org.eclipse.m2e.maven.runtime_3.8.701.20230209-1606\jars\maven-builder-support-3.8.7.jar
2023-05-17 13:41:56,344 [Worker-15: Launching Executing clean in C__Users_VJP-USER_Desktop_Data_STS4_vtes] INFO  o.eclipse.m2e.core.internal.Bundles - 	Entry: C:\Users\VJP-USER\Downloads\sts-4.18.0.RELEASE\plugins\org.eclipse.m2e.maven.runtime_3.8.701.20230209-1606\jars\maven-compat-3.8.7.jar
2023-05-17 13:41:56,344 [Worker-15: Launching Executing clean in C__Users_VJP-USER_Desktop_Data_STS4_vtes] INFO  o.eclipse.m2e.core.internal.Bundles - 	Entry: C:\Users\VJP-USER\Downloads\sts-4.18.0.RELEASE\plugins\org.eclipse.m2e.maven.runtime_3.8.701.20230209-1606\jars\maven-core-3.8.7.jar
2023-05-17 13:41:56,344 [Worker-15: Launching Executing clean in C__Users_VJP-USER_Desktop_Data_STS4_vtes] INFO  o.eclipse.m2e.core.internal.Bundles - 	Entry: C:\Users\VJP-USER\Downloads\sts-4.18.0.RELEASE\plugins\org.eclipse.m2e.maven.runtime_3.8.701.20230209-1606\jars\maven-embedder-3.8.7.jar
2023-05-17 13:41:56,344 [Worker-15: Launching Executing clean in C__Users_VJP-USER_Desktop_Data_STS4_vtes] INFO  o.eclipse.m2e.core.internal.Bundles - 	Entry: C:\Users\VJP-USER\Downloads\sts-4.18.0.RELEASE\plugins\org.eclipse.m2e.maven.runtime_3.8.701.20230209-1606\jars\maven-model-3.8.7.jar
2023-05-17 13:41:56,344 [Worker-15: Launching Executing clean in C__Users_VJP-USER_Desktop_Data_STS4_vtes] INFO  o.eclipse.m2e.core.internal.Bundles - 	Entry: C:\Users\VJP-USER\Downloads\sts-4.18.0.RELEASE\plugins\org.eclipse.m2e.maven.runtime_3.8.701.20230209-1606\jars\maven-model-builder-3.8.7.jar
2023-05-17 13:41:56,344 [Worker-15: Launching Executing clean in C__Users_VJP-USER_Desktop_Data_STS4_vtes] INFO  o.eclipse.m2e.core.internal.Bundles - 	Entry: C:\Users\VJP-USER\Downloads\sts-4.18.0.RELEASE\plugins\org.eclipse.m2e.maven.runtime_3.8.701.20230209-1606\jars\maven-plugin-api-3.8.7.jar
2023-05-17 13:41:56,344 [Worker-15: Launching Executing clean in C__Users_VJP-USER_Desktop_Data_STS4_vtes] INFO  o.eclipse.m2e.core.internal.Bundles - 	Entry: C:\Users\VJP-USER\Downloads\sts-4.18.0.RELEASE\plugins\org.eclipse.m2e.maven.runtime_3.8.701.20230209-1606\jars\maven-repository-metadata-3.8.7.jar
2023-05-17 13:41:56,344 [Worker-15: Launching Executing clean in C__Users_VJP-USER_Desktop_Data_STS4_vtes] INFO  o.eclipse.m2e.core.internal.Bundles - 	Entry: C:\Users\VJP-USER\Downloads\sts-4.18.0.RELEASE\plugins\org.eclipse.m2e.maven.runtime_3.8.701.20230209-1606\jars\maven-resolver-api-1.6.3.jar
2023-05-17 13:41:56,344 [Worker-15: Launching Executing clean in C__Users_VJP-USER_Desktop_Data_STS4_vtes] INFO  o.eclipse.m2e.core.internal.Bundles - 	Entry: C:\Users\VJP-USER\Downloads\sts-4.18.0.RELEASE\plugins\org.eclipse.m2e.maven.runtime_3.8.701.20230209-1606\jars\maven-resolver-connector-basic-1.6.3.jar
2023-05-17 13:41:56,345 [Worker-15: Launching Executing clean in C__Users_VJP-USER_Desktop_Data_STS4_vtes] INFO  o.eclipse.m2e.core.internal.Bundles - 	Entry: C:\Users\VJP-USER\Downloads\sts-4.18.0.RELEASE\plugins\org.eclipse.m2e.maven.runtime_3.8.701.20230209-1606\jars\maven-resolver-impl-1.6.3.jar
2023-05-17 13:41:56,345 [Worker-15: Launching Executing clean in C__Users_VJP-USER_Desktop_Data_STS4_vtes] INFO  o.eclipse.m2e.core.internal.Bundles - 	Entry: C:\Users\VJP-USER\Downloads\sts-4.18.0.RELEASE\plugins\org.eclipse.m2e.maven.runtime_3.8.701.20230209-1606\jars\maven-resolver-provider-3.8.7.jar
2023-05-17 13:41:56,345 [Worker-15: Launching Executing clean in C__Users_VJP-USER_Desktop_Data_STS4_vtes] INFO  o.eclipse.m2e.core.internal.Bundles - 	Entry: C:\Users\VJP-USER\Downloads\sts-4.18.0.RELEASE\plugins\org.eclipse.m2e.maven.runtime_3.8.701.20230209-1606\jars\maven-resolver-spi-1.6.3.jar
2023-05-17 13:41:56,345 [Worker-15: Launching Executing clean in C__Users_VJP-USER_Desktop_Data_STS4_vtes] INFO  o.eclipse.m2e.core.internal.Bundles - 	Entry: C:\Users\VJP-USER\Downloads\sts-4.18.0.RELEASE\plugins\org.eclipse.m2e.maven.runtime_3.8.701.20230209-1606\jars\maven-resolver-transport-wagon-1.6.3.jar
2023-05-17 13:41:56,345 [Worker-15: Launching Executing clean in C__Users_VJP-USER_Desktop_Data_STS4_vtes] INFO  o.eclipse.m2e.core.internal.Bundles - 	Entry: C:\Users\VJP-USER\Downloads\sts-4.18.0.RELEASE\plugins\org.eclipse.m2e.maven.runtime_3.8.701.20230209-1606\jars\maven-resolver-util-1.6.3.jar
2023-05-17 13:41:56,345 [Worker-15: Launching Executing clean in C__Users_VJP-USER_Desktop_Data_STS4_vtes] INFO  o.eclipse.m2e.core.internal.Bundles - 	Entry: C:\Users\VJP-USER\Downloads\sts-4.18.0.RELEASE\plugins\org.eclipse.m2e.maven.runtime_3.8.701.20230209-1606\jars\maven-settings-3.8.7.jar
2023-05-17 13:41:56,345 [Worker-15: Launching Executing clean in C__Users_VJP-USER_Desktop_Data_STS4_vtes] INFO  o.eclipse.m2e.core.internal.Bundles - 	Entry: C:\Users\VJP-USER\Downloads\sts-4.18.0.RELEASE\plugins\org.eclipse.m2e.maven.runtime_3.8.701.20230209-1606\jars\maven-settings-builder-3.8.7.jar
2023-05-17 13:41:56,345 [Worker-15: Launching Executing clean in C__Users_VJP-USER_Desktop_Data_STS4_vtes] INFO  o.eclipse.m2e.core.internal.Bundles - 	Entry: C:\Users\VJP-USER\Downloads\sts-4.18.0.RELEASE\plugins\org.eclipse.m2e.maven.runtime_3.8.701.20230209-1606\jars\maven-shared-utils-3.3.4.jar
2023-05-17 13:41:56,346 [Worker-15: Launching Executing clean in C__Users_VJP-USER_Desktop_Data_STS4_vtes] INFO  o.eclipse.m2e.core.internal.Bundles - 	Entry: C:\Users\VJP-USER\Downloads\sts-4.18.0.RELEASE\plugins\org.eclipse.m2e.maven.runtime_3.8.701.20230209-1606\jars\okhttp-3.14.1.jar
2023-05-17 13:41:56,346 [Worker-15: Launching Executing clean in C__Users_VJP-USER_Desktop_Data_STS4_vtes] INFO  o.eclipse.m2e.core.internal.Bundles - 	Entry: C:\Users\VJP-USER\Downloads\sts-4.18.0.RELEASE\plugins\org.eclipse.m2e.maven.runtime_3.8.701.20230209-1606\jars\okio-1.17.3.jar
2023-05-17 13:41:56,346 [Worker-15: Launching Executing clean in C__Users_VJP-USER_Desktop_Data_STS4_vtes] INFO  o.eclipse.m2e.core.internal.Bundles - 	Entry: C:\Users\VJP-USER\Downloads\sts-4.18.0.RELEASE\plugins\org.eclipse.m2e.maven.runtime_3.8.701.20230209-1606\jars\org.eclipse.sisu.inject-0.3.5.jar
2023-05-17 13:41:56,346 [Worker-15: Launching Executing clean in C__Users_VJP-USER_Desktop_Data_STS4_vtes] INFO  o.eclipse.m2e.core.internal.Bundles - 	Entry: C:\Users\VJP-USER\Downloads\sts-4.18.0.RELEASE\plugins\org.eclipse.m2e.maven.runtime_3.8.701.20230209-1606\jars\org.eclipse.sisu.plexus-0.3.5.jar
2023-05-17 13:41:56,346 [Worker-15: Launching Executing clean in C__Users_VJP-USER_Desktop_Data_STS4_vtes] INFO  o.eclipse.m2e.core.internal.Bundles - 	Entry: C:\Users\VJP-USER\Downloads\sts-4.18.0.RELEASE\plugins\org.eclipse.m2e.maven.runtime_3.8.701.20230209-1606\jars\plexus-build-api-0.0.7.jar
2023-05-17 13:41:56,347 [Worker-15: Launching Executing clean in C__Users_VJP-USER_Desktop_Data_STS4_vtes] INFO  o.eclipse.m2e.core.internal.Bundles - 	Entry: C:\Users\VJP-USER\Downloads\sts-4.18.0.RELEASE\plugins\org.eclipse.m2e.maven.runtime_3.8.701.20230209-1606\jars\plexus-cipher-2.0.jar
2023-05-17 13:41:56,347 [Worker-15: Launching Executing clean in C__Users_VJP-USER_Desktop_Data_STS4_vtes] INFO  o.eclipse.m2e.core.internal.Bundles - 	Entry: C:\Users\VJP-USER\Downloads\sts-4.18.0.RELEASE\plugins\org.eclipse.m2e.maven.runtime_3.8.701.20230209-1606\jars\plexus-classworlds-2.6.0.jar
2023-05-17 13:41:56,347 [Worker-15: Launching Executing clean in C__Users_VJP-USER_Desktop_Data_STS4_vtes] INFO  o.eclipse.m2e.core.internal.Bundles - 	Entry: C:\Users\VJP-USER\Downloads\sts-4.18.0.RELEASE\plugins\org.eclipse.m2e.maven.runtime_3.8.701.20230209-1606\jars\plexus-component-annotations-2.1.0.jar
2023-05-17 13:41:56,347 [Worker-15: Launching Executing clean in C__Users_VJP-USER_Desktop_Data_STS4_vtes] INFO  o.eclipse.m2e.core.internal.Bundles - 	Entry: C:\Users\VJP-USER\Downloads\sts-4.18.0.RELEASE\plugins\org.eclipse.m2e.maven.runtime_3.8.701.20230209-1606\jars\plexus-interpolation-1.26.jar
2023-05-17 13:41:56,347 [Worker-15: Launching Executing clean in C__Users_VJP-USER_Desktop_Data_STS4_vtes] INFO  o.eclipse.m2e.core.internal.Bundles - 	Entry: C:\Users\VJP-USER\Downloads\sts-4.18.0.RELEASE\plugins\org.eclipse.m2e.maven.runtime_3.8.701.20230209-1606\jars\plexus-sec-dispatcher-2.0.jar
2023-05-17 13:41:56,347 [Worker-15: Launching Executing clean in C__Users_VJP-USER_Desktop_Data_STS4_vtes] INFO  o.eclipse.m2e.core.internal.Bundles - 	Entry: C:\Users\VJP-USER\Downloads\sts-4.18.0.RELEASE\plugins\org.eclipse.m2e.maven.runtime_3.8.701.20230209-1606\jars\plexus-utils-3.3.1.jar
2023-05-17 13:41:56,347 [Worker-15: Launching Executing clean in C__Users_VJP-USER_Desktop_Data_STS4_vtes] INFO  o.eclipse.m2e.core.internal.Bundles - 	Entry: C:\Users\VJP-USER\Downloads\sts-4.18.0.RELEASE\plugins\org.eclipse.m2e.maven.runtime_3.8.701.20230209-1606\jars\wagon-file-3.5.3.jar
2023-05-17 13:41:56,347 [Worker-15: Launching Executing clean in C__Users_VJP-USER_Desktop_Data_STS4_vtes] INFO  o.eclipse.m2e.core.internal.Bundles - 	Entry: C:\Users\VJP-USER\Downloads\sts-4.18.0.RELEASE\plugins\org.eclipse.m2e.maven.runtime_3.8.701.20230209-1606\jars\wagon-provider-api-3.5.3.jar
2023-05-17 13:41:56,348 [Worker-15: Launching Executing clean in C__Users_VJP-USER_Desktop_Data_STS4_vtes] INFO  o.eclipse.m2e.core.internal.Bundles - getClasspathEntries(Bundle=com.google.guava_31.1.0.jre [23])
2023-05-17 13:41:56,349 [Worker-15: Launching Executing clean in C__Users_VJP-USER_Desktop_Data_STS4_vtes] INFO  o.eclipse.m2e.core.internal.Bundles - 	Entry: C:\Users\VJP-USER\Downloads\sts-4.18.0.RELEASE\plugins\com.google.guava_31.1.0.jre.jar
2023-05-17 13:41:56,349 [Worker-15: Launching Executing clean in C__Users_VJP-USER_Desktop_Data_STS4_vtes] INFO  o.eclipse.m2e.core.internal.Bundles - getClasspathEntries(Bundle=slf4j.api_1.7.36 [580])
2023-05-17 13:41:56,350 [Worker-15: Launching Executing clean in C__Users_VJP-USER_Desktop_Data_STS4_vtes] INFO  o.eclipse.m2e.core.internal.Bundles - 	Entry: C:\Users\VJP-USER\Downloads\sts-4.18.0.RELEASE\plugins\slf4j.api_1.7.36.jar
2023-05-17 13:41:56,350 [Worker-15: Launching Executing clean in C__Users_VJP-USER_Desktop_Data_STS4_vtes] INFO  o.eclipse.m2e.core.internal.Bundles - getClasspathEntries(Bundle=javax.inject_1.0.0.v20220405-0441 [50])
2023-05-17 13:41:56,351 [Worker-15: Launching Executing clean in C__Users_VJP-USER_Desktop_Data_STS4_vtes] INFO  o.eclipse.m2e.core.internal.Bundles - 	Entry: C:\Users\VJP-USER\Downloads\sts-4.18.0.RELEASE\plugins\javax.inject_1.0.0.v20220405-0441.jar
2023-05-17 13:41:56,351 [Worker-15: Launching Executing clean in C__Users_VJP-USER_Desktop_Data_STS4_vtes] INFO  o.eclipse.m2e.core.internal.Bundles - getClasspathEntries(Bundle=javax.annotation_1.3.5.v20221203-1659 [48])
2023-05-17 13:41:56,352 [Worker-15: Launching Executing clean in C__Users_VJP-USER_Desktop_Data_STS4_vtes] INFO  o.eclipse.m2e.core.internal.Bundles - 	Entry: C:\Users\VJP-USER\Downloads\sts-4.18.0.RELEASE\plugins\javax.annotation_1.3.5.v20221203-1659.jar
2023-05-17 13:41:56,353 [Worker-15: Launching Executing clean in C__Users_VJP-USER_Desktop_Data_STS4_vtes] INFO  o.eclipse.m2e.core.internal.Bundles - getClasspathEntries(Bundle=org.apache.commons.cli_1.4.0.v20221112-0806 [73])
2023-05-17 13:41:56,355 [Worker-15: Launching Executing clean in C__Users_VJP-USER_Desktop_Data_STS4_vtes] INFO  o.eclipse.m2e.core.internal.Bundles - 	Entry: C:\Users\VJP-USER\Downloads\sts-4.18.0.RELEASE\plugins\org.apache.commons.cli_1.4.0.v20221112-0806.jar
2023-05-17 13:41:56,355 [Worker-15: Launching Executing clean in C__Users_VJP-USER_Desktop_Data_STS4_vtes] INFO  o.eclipse.m2e.core.internal.Bundles - getClasspathEntries(Bundle=com.google.guava.failureaccess_1.0.1 [25])
2023-05-17 13:41:56,355 [Worker-15: Launching Executing clean in C__Users_VJP-USER_Desktop_Data_STS4_vtes] INFO  o.eclipse.m2e.core.internal.Bundles - 	Entry: C:\Users\VJP-USER\Downloads\sts-4.18.0.RELEASE\plugins\com.google.guava.failureaccess_1.0.1.jar
2023-05-17 13:41:56,360 [Worker-15: Launching Executing clean in C__Users_VJP-USER_Desktop_Data_STS4_vtes] INFO  o.e.m.i.launch.MavenLaunchDelegate - Run build in "C:\Users\VJP-USER\Desktop\Data\STS4\vtes":
2023-05-17 13:41:56,361 [Worker-15: Launching Executing clean in C__Users_VJP-USER_Desktop_Data_STS4_vtes] INFO  o.e.m.i.launch.MavenLaunchDelegate -  mvn  -B -Dstyle.color=always clean
2023-05-17 13:42:59,624 [Worker-8: Building] INFO  o.a.m.s.f.DefaultMavenResourcesFiltering - Copying 1 resource from src\main\resources to target\classes
2023-05-17 13:42:59,626 [Worker-8: Building] INFO  o.a.m.s.f.DefaultMavenResourcesFiltering - Copying 0 resource from src\main\resources to target\classes
2023-05-17 13:42:59,628 [Worker-8: Building] INFO  o.a.m.s.f.DefaultMavenResourcesFiltering - skip non existing resourceDirectory C:\Users\VJP-USER\Desktop\Data\STS4\vtes\src\test\resources
2023-05-17 13:45:30,452 [Worker-16: Building] INFO  o.a.m.s.f.DefaultMavenResourcesFiltering - Copying 1 resource from src\main\resources to target\classes
2023-05-17 13:45:30,458 [Worker-16: Building] INFO  o.a.m.s.f.DefaultMavenResourcesFiltering - Copying 0 resource from src\main\resources to target\classes
2023-05-17 13:45:30,460 [Worker-16: Building] INFO  o.a.m.s.f.DefaultMavenResourcesFiltering - skip non existing resourceDirectory C:\Users\VJP-USER\Desktop\Data\STS4\vtes\src\test\resources
2023-05-17 13:45:36,121 [Worker-17: Launching vtes - VtesApplication] INFO  o.a.m.s.f.DefaultMavenResourcesFiltering - Copying 1 resource from src\main\resources to target\classes
2023-05-17 13:45:36,129 [Worker-17: Launching vtes - VtesApplication] INFO  o.a.m.s.f.DefaultMavenResourcesFiltering - Copying 0 resource from src\main\resources to target\classes
2023-05-17 13:45:36,133 [Worker-17: Launching vtes - VtesApplication] INFO  o.a.m.s.f.DefaultMavenResourcesFiltering - skip non existing resourceDirectory C:\Users\VJP-USER\Desktop\Data\STS4\vtes\src\test\resources
2023-05-17 13:45:52,778 [Worker-18: Building] INFO  o.a.m.s.f.DefaultMavenResourcesFiltering - Copying 1 resource from src\main\resources to target\classes
2023-05-17 13:45:52,784 [Worker-18: Building] INFO  o.a.m.s.f.DefaultMavenResourcesFiltering - Copying 0 resource from src\main\resources to target\classes
2023-05-17 13:45:52,786 [Worker-18: Building] INFO  o.a.m.s.f.DefaultMavenResourcesFiltering - skip non existing resourceDirectory C:\Users\VJP-USER\Desktop\Data\STS4\vtes\src\test\resources
2023-05-17 13:46:37,446 [Worker-20: Building] INFO  o.a.m.s.f.DefaultMavenResourcesFiltering - Copying 1 resource from src\main\resources to target\classes
2023-05-17 13:46:37,450 [Worker-20: Building] INFO  o.a.m.s.f.DefaultMavenResourcesFiltering - Copying 0 resource from src\main\resources to target\classes
2023-05-17 13:46:37,453 [Worker-20: Building] INFO  o.a.m.s.f.DefaultMavenResourcesFiltering - skip non existing resourceDirectory C:\Users\VJP-USER\Desktop\Data\STS4\vtes\src\test\resources
2023-05-17 13:46:53,722 [Worker-0: Building] INFO  o.a.m.s.f.DefaultMavenResourcesFiltering - Copying 1 resource from src\main\resources to target\classes
2023-05-17 13:46:53,727 [Worker-0: Building] INFO  o.a.m.s.f.DefaultMavenResourcesFiltering - Copying 0 resource from src\main\resources to target\classes
2023-05-17 13:46:53,728 [Worker-0: Building] INFO  o.a.m.s.f.DefaultMavenResourcesFiltering - skip non existing resourceDirectory C:\Users\VJP-USER\Desktop\Data\STS4\vtes\src\test\resources
2023-05-17 13:47:08,533 [Worker-17: Building] INFO  o.a.m.s.f.DefaultMavenResourcesFiltering - Copying 1 resource from src\main\resources to target\classes
2023-05-17 13:47:08,539 [Worker-17: Building] INFO  o.a.m.s.f.DefaultMavenResourcesFiltering - Copying 0 resource from src\main\resources to target\classes
2023-05-17 13:47:08,541 [Worker-17: Building] INFO  o.a.m.s.f.DefaultMavenResourcesFiltering - skip non existing resourceDirectory C:\Users\VJP-USER\Desktop\Data\STS4\vtes\src\test\resources
2023-05-17 13:47:14,466 [Worker-20: Building] INFO  o.a.m.s.f.DefaultMavenResourcesFiltering - Copying 1 resource from src\main\resources to target\classes
2023-05-17 13:47:14,470 [Worker-20: Building] INFO  o.a.m.s.f.DefaultMavenResourcesFiltering - Copying 0 resource from src\main\resources to target\classes
2023-05-17 13:47:14,472 [Worker-20: Building] INFO  o.a.m.s.f.DefaultMavenResourcesFiltering - skip non existing resourceDirectory C:\Users\VJP-USER\Desktop\Data\STS4\vtes\src\test\resources
2023-05-17 13:47:16,724 [Worker-16: Building] INFO  o.a.m.s.f.DefaultMavenResourcesFiltering - Copying 1 resource from src\main\resources to target\classes
2023-05-17 13:47:16,767 [Worker-16: Building] INFO  o.a.m.s.f.DefaultMavenResourcesFiltering - Copying 0 resource from src\main\resources to target\classes
2023-05-17 13:47:16,770 [Worker-16: Building] INFO  o.a.m.s.f.DefaultMavenResourcesFiltering - skip non existing resourceDirectory C:\Users\VJP-USER\Desktop\Data\STS4\vtes\src\test\resources
2023-05-17 13:47:28,582 [Worker-21: Building] INFO  o.a.m.s.f.DefaultMavenResourcesFiltering - Copying 1 resource from src\main\resources to target\classes
2023-05-17 13:47:28,586 [Worker-21: Building] INFO  o.a.m.s.f.DefaultMavenResourcesFiltering - Copying 0 resource from src\main\resources to target\classes
2023-05-17 13:47:28,588 [Worker-21: Building] INFO  o.a.m.s.f.DefaultMavenResourcesFiltering - skip non existing resourceDirectory C:\Users\VJP-USER\Desktop\Data\STS4\vtes\src\test\resources
2023-05-17 13:48:31,153 [Worker-16: Building] INFO  o.e.m.c.i.l.LifecycleMappingFactory - Using org.eclipse.m2e.jdt.JarLifecycleMapping lifecycle mapping for MavenProject: com.vti.vtes:vtes-backend:0.0.1-SNAPSHOT @ C:\Users\VJP-USER\Desktop\Data\STS4\vtes\pom.xml.
2023-05-17 13:48:31,683 [Worker-16: Building] INFO  o.a.m.s.f.DefaultMavenResourcesFiltering - Copying 0 resource from src\main\resources to target\classes
2023-05-17 13:48:31,683 [Worker-16: Building] INFO  o.a.m.s.f.DefaultMavenResourcesFiltering - Copying 0 resource from src\main\resources to target\classes
2023-05-17 13:48:31,686 [Worker-16: Building] INFO  o.a.m.s.f.DefaultMavenResourcesFiltering - skip non existing resourceDirectory C:\Users\VJP-USER\Desktop\Data\STS4\vtes\src\test\resources
2023-05-17 13:49:16,142 [Worker-21: Building] INFO  o.a.m.s.f.DefaultMavenResourcesFiltering - Copying 1 resource from src\main\resources to target\classes
2023-05-17 13:49:16,151 [Worker-21: Building] INFO  o.a.m.s.f.DefaultMavenResourcesFiltering - Copying 0 resource from src\main\resources to target\classes
2023-05-17 13:49:16,153 [Worker-21: Building] INFO  o.a.m.s.f.DefaultMavenResourcesFiltering - skip non existing resourceDirectory C:\Users\VJP-USER\Desktop\Data\STS4\vtes\src\test\resources
2023-05-17 13:49:26,203 [Worker-20: Building] INFO  o.a.m.s.f.DefaultMavenResourcesFiltering - Copying 1 resource from src\main\resources to target\classes
2023-05-17 13:49:26,209 [Worker-20: Building] INFO  o.a.m.s.f.DefaultMavenResourcesFiltering - Copying 0 resource from src\main\resources to target\classes
2023-05-17 13:49:26,212 [Worker-20: Building] INFO  o.a.m.s.f.DefaultMavenResourcesFiltering - skip non existing resourceDirectory C:\Users\VJP-USER\Desktop\Data\STS4\vtes\src\test\resources
2023-05-17 13:53:16,569 [Worker-19: Building] INFO  o.a.m.s.f.DefaultMavenResourcesFiltering - Copying 1 resource from src\main\resources to target\classes
2023-05-17 13:53:16,574 [Worker-19: Building] INFO  o.a.m.s.f.DefaultMavenResourcesFiltering - Copying 0 resource from src\main\resources to target\classes
2023-05-17 13:53:16,576 [Worker-19: Building] INFO  o.a.m.s.f.DefaultMavenResourcesFiltering - skip non existing resourceDirectory C:\Users\VJP-USER\Desktop\Data\STS4\vtes\src\test\resources
2023-05-17 14:04:47,006 [Worker-24: Building] INFO  o.a.m.s.f.DefaultMavenResourcesFiltering - Copying 1 resource from src\main\resources to target\classes
2023-05-17 14:04:47,020 [Worker-24: Building] INFO  o.a.m.s.f.DefaultMavenResourcesFiltering - Copying 0 resource from src\main\resources to target\classes
2023-05-17 14:04:47,022 [Worker-24: Building] INFO  o.a.m.s.f.DefaultMavenResourcesFiltering - skip non existing resourceDirectory C:\Users\VJP-USER\Desktop\Data\STS4\vtes\src\test\resources
2023-05-17 14:07:55,463 [Worker-27: Building] INFO  o.a.m.s.f.DefaultMavenResourcesFiltering - Copying 1 resource from src\main\resources to target\classes
2023-05-17 14:07:55,471 [Worker-27: Building] INFO  o.a.m.s.f.DefaultMavenResourcesFiltering - Copying 0 resource from src\main\resources to target\classes
2023-05-17 14:07:55,474 [Worker-27: Building] INFO  o.a.m.s.f.DefaultMavenResourcesFiltering - skip non existing resourceDirectory C:\Users\VJP-USER\Desktop\Data\STS4\vtes\src\test\resources
2023-05-17 14:08:27,344 [Worker-27: Building] INFO  o.a.m.s.f.DefaultMavenResourcesFiltering - Copying 1 resource from src\main\resources to target\classes
2023-05-17 14:08:27,353 [Worker-27: Building] INFO  o.a.m.s.f.DefaultMavenResourcesFiltering - Copying 0 resource from src\main\resources to target\classes
2023-05-17 14:08:27,355 [Worker-27: Building] INFO  o.a.m.s.f.DefaultMavenResourcesFiltering - skip non existing resourceDirectory C:\Users\VJP-USER\Desktop\Data\STS4\vtes\src\test\resources
2023-05-17 14:08:35,035 [Worker-30: Building] INFO  o.a.m.s.f.DefaultMavenResourcesFiltering - Copying 1 resource from src\main\resources to target\classes
2023-05-17 14:08:35,044 [Worker-30: Building] INFO  o.a.m.s.f.DefaultMavenResourcesFiltering - Copying 0 resource from src\main\resources to target\classes
2023-05-17 14:08:35,047 [Worker-30: Building] INFO  o.a.m.s.f.DefaultMavenResourcesFiltering - skip non existing resourceDirectory C:\Users\VJP-USER\Desktop\Data\STS4\vtes\src\test\resources
2023-05-17 14:12:04,939 [Worker-33: Building] INFO  o.a.m.s.f.DefaultMavenResourcesFiltering - Copying 1 resource from src\main\resources to target\classes
2023-05-17 14:12:04,945 [Worker-33: Building] INFO  o.a.m.s.f.DefaultMavenResourcesFiltering - Copying 0 resource from src\main\resources to target\classes
2023-05-17 14:12:04,948 [Worker-33: Building] INFO  o.a.m.s.f.DefaultMavenResourcesFiltering - skip non existing resourceDirectory C:\Users\VJP-USER\Desktop\Data\STS4\vtes\src\test\resources
2023-05-17 14:23:45,039 [Worker-36: Building] INFO  o.a.m.s.f.DefaultMavenResourcesFiltering - Copying 1 resource from src\main\resources to target\classes
2023-05-17 14:23:45,045 [Worker-36: Building] INFO  o.a.m.s.f.DefaultMavenResourcesFiltering - Copying 0 resource from src\main\resources to target\classes
2023-05-17 14:23:45,047 [Worker-36: Building] INFO  o.a.m.s.f.DefaultMavenResourcesFiltering - skip non existing resourceDirectory C:\Users\VJP-USER\Desktop\Data\STS4\vtes\src\test\resources
2023-05-17 21:38:44,467 [Worker-43: Building] INFO  o.a.m.s.f.DefaultMavenResourcesFiltering - Copying 1 resource from src\main\resources to target\classes
2023-05-17 21:38:44,569 [Worker-43: Building] INFO  o.a.m.s.f.DefaultMavenResourcesFiltering - Copying 0 resource from src\main\resources to target\classes
2023-05-17 21:38:44,593 [Worker-43: Building] INFO  o.a.m.s.f.DefaultMavenResourcesFiltering - skip non existing resourceDirectory C:\Users\VJP-USER\Desktop\Data\STS4\vtes\src\test\resources
2023-05-17 22:27:39,287 [Worker-0: Loading available Gradle versions] INFO  o.e.b.c.i.u.g.PublishedGradleVersions - Gradle version information cache is up-to-date. Trying to read.
2023-05-17 22:28:07,510 [Worker-0: Building] INFO  o.a.m.s.f.DefaultMavenResourcesFiltering - Copying 1 resource from src\main\resources to target\classes
2023-05-17 22:28:07,549 [Worker-0: Building] INFO  o.a.m.s.f.DefaultMavenResourcesFiltering - Copying 0 resource from src\main\resources to target\classes
2023-05-17 22:28:07,557 [Worker-0: Building] INFO  o.a.m.s.f.DefaultMavenResourcesFiltering - skip non existing resourceDirectory C:\Users\VJP-USER\Desktop\Data\STS4\vtes\src\test\resources
2023-05-17 22:28:29,740 [Worker-9: Building] INFO  o.a.m.s.f.DefaultMavenResourcesFiltering - Copying 1 resource from src\main\resources to target\classes
2023-05-17 22:28:29,747 [Worker-9: Building] INFO  o.a.m.s.f.DefaultMavenResourcesFiltering - Copying 0 resource from src\main\resources to target\classes
2023-05-17 22:28:29,751 [Worker-9: Building] INFO  o.a.m.s.f.DefaultMavenResourcesFiltering - skip non existing resourceDirectory C:\Users\VJP-USER\Desktop\Data\STS4\vtes\src\test\resources
2023-05-17 22:36:19,789 [Worker-11: Building] INFO  o.a.m.s.f.DefaultMavenResourcesFiltering - Copying 1 resource from src\main\resources to target\classes
2023-05-17 22:36:19,795 [Worker-11: Building] INFO  o.a.m.s.f.DefaultMavenResourcesFiltering - Copying 0 resource from src\main\resources to target\classes
2023-05-17 22:36:19,797 [Worker-11: Building] INFO  o.a.m.s.f.DefaultMavenResourcesFiltering - skip non existing resourceDirectory C:\Users\VJP-USER\Desktop\Data\STS4\vtes\src\test\resources
2023-05-17 22:37:13,751 [Worker-0: Loading available Gradle versions] INFO  o.e.b.c.i.u.g.PublishedGradleVersions - Gradle version information cache is up-to-date. Trying to read.
2023-05-17 22:38:12,470 [Worker-8: Building] INFO  o.e.m.c.i.l.LifecycleMappingFactory - Using org.eclipse.m2e.jdt.JarLifecycleMapping lifecycle mapping for MavenProject: com.vti.vtes:vtes-backend:0.0.1-SNAPSHOT @ C:\Users\VJP-USER\Desktop\Data\STS4\vtes\pom.xml.
2023-05-17 22:38:13,120 [Worker-8: Building] INFO  o.a.m.s.f.DefaultMavenResourcesFiltering - Copying 1 resource from src\main\resources to target\classes
2023-05-17 22:38:13,141 [Worker-8: Building] INFO  o.a.m.s.f.DefaultMavenResourcesFiltering - Copying 0 resource from src\main\resources to target\classes
2023-05-17 22:38:13,146 [Worker-8: Building] INFO  o.a.m.s.f.DefaultMavenResourcesFiltering - skip non existing resourceDirectory C:\Users\VJP-USER\Desktop\Data\STS4\vtes\src\test\resources
2023-05-17 22:38:14,529 [Worker-7: Download sources and javadoc] INFO  o.e.m.c.i.e.AbstractTransferListenerAdapter - Downloading https://repo.maven.apache.org/maven2/org/projectlombok/lombok/1.18.26/lombok-1.18.26-sources.jar
2023-05-17 22:38:14,752 [Worker-7: Download sources and javadoc] INFO  o.e.m.c.i.e.AbstractTransferListenerAdapter - Downloaded https://repo.maven.apache.org/maven2/org/projectlombok/lombok/1.18.26/lombok-1.18.26-sources.jar
2023-05-17 22:38:14,756 [Worker-7: Download sources and javadoc] INFO  o.e.m.j.internal.DownloadSourcesJob - Downloaded sources for org.projectlombok:lombok:1.18.26
2023-05-17 22:38:41,597 [Worker-10: Building] INFO  o.e.m.c.i.l.LifecycleMappingFactory - Using org.eclipse.m2e.jdt.JarLifecycleMapping lifecycle mapping for MavenProject: com.vti.vtes:vtes-backend:0.0.1-SNAPSHOT @ C:\Users\VJP-USER\Desktop\Data\STS4\vtes\pom.xml.
2023-05-17 22:38:42,156 [Worker-10: Building] INFO  o.a.m.s.f.DefaultMavenResourcesFiltering - Copying 1 resource from src\main\resources to target\classes
2023-05-17 22:38:42,168 [Worker-10: Building] INFO  o.a.m.s.f.DefaultMavenResourcesFiltering - Copying 0 resource from src\main\resources to target\classes
2023-05-17 22:38:42,172 [Worker-10: Building] INFO  o.a.m.s.f.DefaultMavenResourcesFiltering - skip non existing resourceDirectory C:\Users\VJP-USER\Desktop\Data\STS4\vtes\src\test\resources
2023-05-17 22:39:20,740 [Worker-8: Building] INFO  o.e.m.c.i.l.LifecycleMappingFactory - Using org.eclipse.m2e.jdt.JarLifecycleMapping lifecycle mapping for MavenProject: com.vti.vtes:vtes-backend:0.0.1-SNAPSHOT @ C:\Users\VJP-USER\Desktop\Data\STS4\vtes\pom.xml.
2023-05-17 22:39:21,209 [Worker-8: Building] INFO  o.a.m.s.f.DefaultMavenResourcesFiltering - Copying 1 resource from src\main\resources to target\classes
2023-05-17 22:39:21,230 [Worker-8: Building] INFO  o.a.m.s.f.DefaultMavenResourcesFiltering - Copying 0 resource from src\main\resources to target\classes
2023-05-17 22:39:21,235 [Worker-8: Building] INFO  o.a.m.s.f.DefaultMavenResourcesFiltering - skip non existing resourceDirectory C:\Users\VJP-USER\Desktop\Data\STS4\vtes\src\test\resources
2023-05-17 22:40:30,438 [Worker-8: Building] INFO  o.a.m.s.f.DefaultMavenResourcesFiltering - Copying 1 resource from src\main\resources to target\classes
2023-05-17 22:40:30,443 [Worker-8: Building] INFO  o.a.m.s.f.DefaultMavenResourcesFiltering - Copying 0 resource from src\main\resources to target\classes
2023-05-17 22:40:30,449 [Worker-8: Building] INFO  o.a.m.s.f.DefaultMavenResourcesFiltering - skip non existing resourceDirectory C:\Users\VJP-USER\Desktop\Data\STS4\vtes\src\test\resources
2023-05-17 22:42:10,560 [Worker-6: Loading available Gradle versions] INFO  o.e.b.c.i.u.g.PublishedGradleVersions - Gradle version information cache is up-to-date. Trying to read.
2023-05-17 22:42:22,072 [Worker-10: Launching Executing clean in C__Users_VJP-USER_Desktop_Data_STS4_vtes] INFO  o.eclipse.m2e.core.internal.Bundles - getClasspathEntries(Bundle=org.eclipse.m2e.maven.runtime_3.8.701.20230209-1606 [346])
2023-05-17 22:42:22,082 [Worker-10: Launching Executing clean in C__Users_VJP-USER_Desktop_Data_STS4_vtes] INFO  o.eclipse.m2e.core.internal.Bundles - 	Entry: C:\Users\VJP-USER\Downloads\sts-4.18.0.RELEASE\plugins\org.eclipse.m2e.maven.runtime_3.8.701.20230209-1606
2023-05-17 22:42:22,083 [Worker-10: Launching Executing clean in C__Users_VJP-USER_Desktop_Data_STS4_vtes] INFO  o.eclipse.m2e.core.internal.Bundles - 	Entry: C:\Users\VJP-USER\Downloads\sts-4.18.0.RELEASE\plugins\org.eclipse.m2e.maven.runtime_3.8.701.20230209-1606\jars\aether-connector-okhttp-0.17.8.jar
2023-05-17 22:42:22,083 [Worker-10: Launching Executing clean in C__Users_VJP-USER_Desktop_Data_STS4_vtes] INFO  o.eclipse.m2e.core.internal.Bundles - 	Entry: C:\Users\VJP-USER\Downloads\sts-4.18.0.RELEASE\plugins\org.eclipse.m2e.maven.runtime_3.8.701.20230209-1606\jars\commons-lang3-3.8.1.jar
2023-05-17 22:42:22,083 [Worker-10: Launching Executing clean in C__Users_VJP-USER_Desktop_Data_STS4_vtes] INFO  o.eclipse.m2e.core.internal.Bundles - 	Entry: C:\Users\VJP-USER\Downloads\sts-4.18.0.RELEASE\plugins\org.eclipse.m2e.maven.runtime_3.8.701.20230209-1606\jars\guice-4.2.2-no_aop.jar
2023-05-17 22:42:22,083 [Worker-10: Launching Executing clean in C__Users_VJP-USER_Desktop_Data_STS4_vtes] INFO  o.eclipse.m2e.core.internal.Bundles - 	Entry: C:\Users\VJP-USER\Downloads\sts-4.18.0.RELEASE\plugins\org.eclipse.m2e.maven.runtime_3.8.701.20230209-1606\jars\jansi-2.4.0.jar
2023-05-17 22:42:22,084 [Worker-10: Launching Executing clean in C__Users_VJP-USER_Desktop_Data_STS4_vtes] INFO  o.eclipse.m2e.core.internal.Bundles - 	Entry: C:\Users\VJP-USER\Downloads\sts-4.18.0.RELEASE\plugins\org.eclipse.m2e.maven.runtime_3.8.701.20230209-1606\jars\maven-artifact-3.8.7.jar
2023-05-17 22:42:22,084 [Worker-10: Launching Executing clean in C__Users_VJP-USER_Desktop_Data_STS4_vtes] INFO  o.eclipse.m2e.core.internal.Bundles - 	Entry: C:\Users\VJP-USER\Downloads\sts-4.18.0.RELEASE\plugins\org.eclipse.m2e.maven.runtime_3.8.701.20230209-1606\jars\maven-builder-support-3.8.7.jar
2023-05-17 22:42:22,084 [Worker-10: Launching Executing clean in C__Users_VJP-USER_Desktop_Data_STS4_vtes] INFO  o.eclipse.m2e.core.internal.Bundles - 	Entry: C:\Users\VJP-USER\Downloads\sts-4.18.0.RELEASE\plugins\org.eclipse.m2e.maven.runtime_3.8.701.20230209-1606\jars\maven-compat-3.8.7.jar
2023-05-17 22:42:22,084 [Worker-10: Launching Executing clean in C__Users_VJP-USER_Desktop_Data_STS4_vtes] INFO  o.eclipse.m2e.core.internal.Bundles - 	Entry: C:\Users\VJP-USER\Downloads\sts-4.18.0.RELEASE\plugins\org.eclipse.m2e.maven.runtime_3.8.701.20230209-1606\jars\maven-core-3.8.7.jar
2023-05-17 22:42:22,084 [Worker-10: Launching Executing clean in C__Users_VJP-USER_Desktop_Data_STS4_vtes] INFO  o.eclipse.m2e.core.internal.Bundles - 	Entry: C:\Users\VJP-USER\Downloads\sts-4.18.0.RELEASE\plugins\org.eclipse.m2e.maven.runtime_3.8.701.20230209-1606\jars\maven-embedder-3.8.7.jar
2023-05-17 22:42:22,084 [Worker-10: Launching Executing clean in C__Users_VJP-USER_Desktop_Data_STS4_vtes] INFO  o.eclipse.m2e.core.internal.Bundles - 	Entry: C:\Users\VJP-USER\Downloads\sts-4.18.0.RELEASE\plugins\org.eclipse.m2e.maven.runtime_3.8.701.20230209-1606\jars\maven-model-3.8.7.jar
2023-05-17 22:42:22,085 [Worker-10: Launching Executing clean in C__Users_VJP-USER_Desktop_Data_STS4_vtes] INFO  o.eclipse.m2e.core.internal.Bundles - 	Entry: C:\Users\VJP-USER\Downloads\sts-4.18.0.RELEASE\plugins\org.eclipse.m2e.maven.runtime_3.8.701.20230209-1606\jars\maven-model-builder-3.8.7.jar
2023-05-17 22:42:22,085 [Worker-10: Launching Executing clean in C__Users_VJP-USER_Desktop_Data_STS4_vtes] INFO  o.eclipse.m2e.core.internal.Bundles - 	Entry: C:\Users\VJP-USER\Downloads\sts-4.18.0.RELEASE\plugins\org.eclipse.m2e.maven.runtime_3.8.701.20230209-1606\jars\maven-plugin-api-3.8.7.jar
2023-05-17 22:42:22,085 [Worker-10: Launching Executing clean in C__Users_VJP-USER_Desktop_Data_STS4_vtes] INFO  o.eclipse.m2e.core.internal.Bundles - 	Entry: C:\Users\VJP-USER\Downloads\sts-4.18.0.RELEASE\plugins\org.eclipse.m2e.maven.runtime_3.8.701.20230209-1606\jars\maven-repository-metadata-3.8.7.jar
2023-05-17 22:42:22,085 [Worker-10: Launching Executing clean in C__Users_VJP-USER_Desktop_Data_STS4_vtes] INFO  o.eclipse.m2e.core.internal.Bundles - 	Entry: C:\Users\VJP-USER\Downloads\sts-4.18.0.RELEASE\plugins\org.eclipse.m2e.maven.runtime_3.8.701.20230209-1606\jars\maven-resolver-api-1.6.3.jar
2023-05-17 22:42:22,085 [Worker-10: Launching Executing clean in C__Users_VJP-USER_Desktop_Data_STS4_vtes] INFO  o.eclipse.m2e.core.internal.Bundles - 	Entry: C:\Users\VJP-USER\Downloads\sts-4.18.0.RELEASE\plugins\org.eclipse.m2e.maven.runtime_3.8.701.20230209-1606\jars\maven-resolver-connector-basic-1.6.3.jar
2023-05-17 22:42:22,085 [Worker-10: Launching Executing clean in C__Users_VJP-USER_Desktop_Data_STS4_vtes] INFO  o.eclipse.m2e.core.internal.Bundles - 	Entry: C:\Users\VJP-USER\Downloads\sts-4.18.0.RELEASE\plugins\org.eclipse.m2e.maven.runtime_3.8.701.20230209-1606\jars\maven-resolver-impl-1.6.3.jar
2023-05-17 22:42:22,086 [Worker-10: Launching Executing clean in C__Users_VJP-USER_Desktop_Data_STS4_vtes] INFO  o.eclipse.m2e.core.internal.Bundles - 	Entry: C:\Users\VJP-USER\Downloads\sts-4.18.0.RELEASE\plugins\org.eclipse.m2e.maven.runtime_3.8.701.20230209-1606\jars\maven-resolver-provider-3.8.7.jar
2023-05-17 22:42:22,086 [Worker-10: Launching Executing clean in C__Users_VJP-USER_Desktop_Data_STS4_vtes] INFO  o.eclipse.m2e.core.internal.Bundles - 	Entry: C:\Users\VJP-USER\Downloads\sts-4.18.0.RELEASE\plugins\org.eclipse.m2e.maven.runtime_3.8.701.20230209-1606\jars\maven-resolver-spi-1.6.3.jar
2023-05-17 22:42:22,086 [Worker-10: Launching Executing clean in C__Users_VJP-USER_Desktop_Data_STS4_vtes] INFO  o.eclipse.m2e.core.internal.Bundles - 	Entry: C:\Users\VJP-USER\Downloads\sts-4.18.0.RELEASE\plugins\org.eclipse.m2e.maven.runtime_3.8.701.20230209-1606\jars\maven-resolver-transport-wagon-1.6.3.jar
2023-05-17 22:42:22,086 [Worker-10: Launching Executing clean in C__Users_VJP-USER_Desktop_Data_STS4_vtes] INFO  o.eclipse.m2e.core.internal.Bundles - 	Entry: C:\Users\VJP-USER\Downloads\sts-4.18.0.RELEASE\plugins\org.eclipse.m2e.maven.runtime_3.8.701.20230209-1606\jars\maven-resolver-util-1.6.3.jar
2023-05-17 22:42:22,086 [Worker-10: Launching Executing clean in C__Users_VJP-USER_Desktop_Data_STS4_vtes] INFO  o.eclipse.m2e.core.internal.Bundles - 	Entry: C:\Users\VJP-USER\Downloads\sts-4.18.0.RELEASE\plugins\org.eclipse.m2e.maven.runtime_3.8.701.20230209-1606\jars\maven-settings-3.8.7.jar
2023-05-17 22:42:22,087 [Worker-10: Launching Executing clean in C__Users_VJP-USER_Desktop_Data_STS4_vtes] INFO  o.eclipse.m2e.core.internal.Bundles - 	Entry: C:\Users\VJP-USER\Downloads\sts-4.18.0.RELEASE\plugins\org.eclipse.m2e.maven.runtime_3.8.701.20230209-1606\jars\maven-settings-builder-3.8.7.jar
2023-05-17 22:42:22,087 [Worker-10: Launching Executing clean in C__Users_VJP-USER_Desktop_Data_STS4_vtes] INFO  o.eclipse.m2e.core.internal.Bundles - 	Entry: C:\Users\VJP-USER\Downloads\sts-4.18.0.RELEASE\plugins\org.eclipse.m2e.maven.runtime_3.8.701.20230209-1606\jars\maven-shared-utils-3.3.4.jar
2023-05-17 22:42:22,087 [Worker-10: Launching Executing clean in C__Users_VJP-USER_Desktop_Data_STS4_vtes] INFO  o.eclipse.m2e.core.internal.Bundles - 	Entry: C:\Users\VJP-USER\Downloads\sts-4.18.0.RELEASE\plugins\org.eclipse.m2e.maven.runtime_3.8.701.20230209-1606\jars\okhttp-3.14.1.jar
2023-05-17 22:42:22,087 [Worker-10: Launching Executing clean in C__Users_VJP-USER_Desktop_Data_STS4_vtes] INFO  o.eclipse.m2e.core.internal.Bundles - 	Entry: C:\Users\VJP-USER\Downloads\sts-4.18.0.RELEASE\plugins\org.eclipse.m2e.maven.runtime_3.8.701.20230209-1606\jars\okio-1.17.3.jar
2023-05-17 22:42:22,087 [Worker-10: Launching Executing clean in C__Users_VJP-USER_Desktop_Data_STS4_vtes] INFO  o.eclipse.m2e.core.internal.Bundles - 	Entry: C:\Users\VJP-USER\Downloads\sts-4.18.0.RELEASE\plugins\org.eclipse.m2e.maven.runtime_3.8.701.20230209-1606\jars\org.eclipse.sisu.inject-0.3.5.jar
2023-05-17 22:42:22,087 [Worker-10: Launching Executing clean in C__Users_VJP-USER_Desktop_Data_STS4_vtes] INFO  o.eclipse.m2e.core.internal.Bundles - 	Entry: C:\Users\VJP-USER\Downloads\sts-4.18.0.RELEASE\plugins\org.eclipse.m2e.maven.runtime_3.8.701.20230209-1606\jars\org.eclipse.sisu.plexus-0.3.5.jar
2023-05-17 22:42:22,087 [Worker-10: Launching Executing clean in C__Users_VJP-USER_Desktop_Data_STS4_vtes] INFO  o.eclipse.m2e.core.internal.Bundles - 	Entry: C:\Users\VJP-USER\Downloads\sts-4.18.0.RELEASE\plugins\org.eclipse.m2e.maven.runtime_3.8.701.20230209-1606\jars\plexus-build-api-0.0.7.jar
2023-05-17 22:42:22,088 [Worker-10: Launching Executing clean in C__Users_VJP-USER_Desktop_Data_STS4_vtes] INFO  o.eclipse.m2e.core.internal.Bundles - 	Entry: C:\Users\VJP-USER\Downloads\sts-4.18.0.RELEASE\plugins\org.eclipse.m2e.maven.runtime_3.8.701.20230209-1606\jars\plexus-cipher-2.0.jar
2023-05-17 22:42:22,088 [Worker-10: Launching Executing clean in C__Users_VJP-USER_Desktop_Data_STS4_vtes] INFO  o.eclipse.m2e.core.internal.Bundles - 	Entry: C:\Users\VJP-USER\Downloads\sts-4.18.0.RELEASE\plugins\org.eclipse.m2e.maven.runtime_3.8.701.20230209-1606\jars\plexus-classworlds-2.6.0.jar
2023-05-17 22:42:22,088 [Worker-10: Launching Executing clean in C__Users_VJP-USER_Desktop_Data_STS4_vtes] INFO  o.eclipse.m2e.core.internal.Bundles - 	Entry: C:\Users\VJP-USER\Downloads\sts-4.18.0.RELEASE\plugins\org.eclipse.m2e.maven.runtime_3.8.701.20230209-1606\jars\plexus-component-annotations-2.1.0.jar
2023-05-17 22:42:22,088 [Worker-10: Launching Executing clean in C__Users_VJP-USER_Desktop_Data_STS4_vtes] INFO  o.eclipse.m2e.core.internal.Bundles - 	Entry: C:\Users\VJP-USER\Downloads\sts-4.18.0.RELEASE\plugins\org.eclipse.m2e.maven.runtime_3.8.701.20230209-1606\jars\plexus-interpolation-1.26.jar
2023-05-17 22:42:22,088 [Worker-10: Launching Executing clean in C__Users_VJP-USER_Desktop_Data_STS4_vtes] INFO  o.eclipse.m2e.core.internal.Bundles - 	Entry: C:\Users\VJP-USER\Downloads\sts-4.18.0.RELEASE\plugins\org.eclipse.m2e.maven.runtime_3.8.701.20230209-1606\jars\plexus-sec-dispatcher-2.0.jar
2023-05-17 22:42:22,089 [Worker-10: Launching Executing clean in C__Users_VJP-USER_Desktop_Data_STS4_vtes] INFO  o.eclipse.m2e.core.internal.Bundles - 	Entry: C:\Users\VJP-USER\Downloads\sts-4.18.0.RELEASE\plugins\org.eclipse.m2e.maven.runtime_3.8.701.20230209-1606\jars\plexus-utils-3.3.1.jar
2023-05-17 22:42:22,089 [Worker-10: Launching Executing clean in C__Users_VJP-USER_Desktop_Data_STS4_vtes] INFO  o.eclipse.m2e.core.internal.Bundles - 	Entry: C:\Users\VJP-USER\Downloads\sts-4.18.0.RELEASE\plugins\org.eclipse.m2e.maven.runtime_3.8.701.20230209-1606\jars\wagon-file-3.5.3.jar
2023-05-17 22:42:22,089 [Worker-10: Launching Executing clean in C__Users_VJP-USER_Desktop_Data_STS4_vtes] INFO  o.eclipse.m2e.core.internal.Bundles - 	Entry: C:\Users\VJP-USER\Downloads\sts-4.18.0.RELEASE\plugins\org.eclipse.m2e.maven.runtime_3.8.701.20230209-1606\jars\wagon-provider-api-3.5.3.jar
2023-05-17 22:42:22,093 [Worker-10: Launching Executing clean in C__Users_VJP-USER_Desktop_Data_STS4_vtes] INFO  o.eclipse.m2e.core.internal.Bundles - getClasspathEntries(Bundle=com.google.guava_31.1.0.jre [23])
2023-05-17 22:42:22,094 [Worker-10: Launching Executing clean in C__Users_VJP-USER_Desktop_Data_STS4_vtes] INFO  o.eclipse.m2e.core.internal.Bundles - 	Entry: C:\Users\VJP-USER\Downloads\sts-4.18.0.RELEASE\plugins\com.google.guava_31.1.0.jre.jar
2023-05-17 22:42:22,094 [Worker-10: Launching Executing clean in C__Users_VJP-USER_Desktop_Data_STS4_vtes] INFO  o.eclipse.m2e.core.internal.Bundles - getClasspathEntries(Bundle=slf4j.api_1.7.36 [580])
2023-05-17 22:42:22,094 [Worker-10: Launching Executing clean in C__Users_VJP-USER_Desktop_Data_STS4_vtes] INFO  o.eclipse.m2e.core.internal.Bundles - 	Entry: C:\Users\VJP-USER\Downloads\sts-4.18.0.RELEASE\plugins\slf4j.api_1.7.36.jar
2023-05-17 22:42:22,095 [Worker-10: Launching Executing clean in C__Users_VJP-USER_Desktop_Data_STS4_vtes] INFO  o.eclipse.m2e.core.internal.Bundles - getClasspathEntries(Bundle=javax.inject_1.0.0.v20220405-0441 [50])
2023-05-17 22:42:22,096 [Worker-10: Launching Executing clean in C__Users_VJP-USER_Desktop_Data_STS4_vtes] INFO  o.eclipse.m2e.core.internal.Bundles - 	Entry: C:\Users\VJP-USER\Downloads\sts-4.18.0.RELEASE\plugins\javax.inject_1.0.0.v20220405-0441.jar
2023-05-17 22:42:22,097 [Worker-10: Launching Executing clean in C__Users_VJP-USER_Desktop_Data_STS4_vtes] INFO  o.eclipse.m2e.core.internal.Bundles - getClasspathEntries(Bundle=javax.annotation_1.3.5.v20221203-1659 [48])
2023-05-17 22:42:22,098 [Worker-10: Launching Executing clean in C__Users_VJP-USER_Desktop_Data_STS4_vtes] INFO  o.eclipse.m2e.core.internal.Bundles - 	Entry: C:\Users\VJP-USER\Downloads\sts-4.18.0.RELEASE\plugins\javax.annotation_1.3.5.v20221203-1659.jar
2023-05-17 22:42:22,098 [Worker-10: Launching Executing clean in C__Users_VJP-USER_Desktop_Data_STS4_vtes] INFO  o.eclipse.m2e.core.internal.Bundles - getClasspathEntries(Bundle=org.apache.commons.cli_1.4.0.v20221112-0806 [73])
2023-05-17 22:42:22,099 [Worker-10: Launching Executing clean in C__Users_VJP-USER_Desktop_Data_STS4_vtes] INFO  o.eclipse.m2e.core.internal.Bundles - 	Entry: C:\Users\VJP-USER\Downloads\sts-4.18.0.RELEASE\plugins\org.apache.commons.cli_1.4.0.v20221112-0806.jar
2023-05-17 22:42:22,099 [Worker-10: Launching Executing clean in C__Users_VJP-USER_Desktop_Data_STS4_vtes] INFO  o.eclipse.m2e.core.internal.Bundles - getClasspathEntries(Bundle=com.google.guava.failureaccess_1.0.1 [25])
2023-05-17 22:42:22,100 [Worker-10: Launching Executing clean in C__Users_VJP-USER_Desktop_Data_STS4_vtes] INFO  o.eclipse.m2e.core.internal.Bundles - 	Entry: C:\Users\VJP-USER\Downloads\sts-4.18.0.RELEASE\plugins\com.google.guava.failureaccess_1.0.1.jar
2023-05-17 22:42:22,104 [Worker-10: Launching Executing clean in C__Users_VJP-USER_Desktop_Data_STS4_vtes] INFO  o.e.m.i.launch.MavenLaunchDelegate - Run build in "C:\Users\VJP-USER\Desktop\Data\STS4\vtes":
2023-05-17 22:42:22,107 [Worker-10: Launching Executing clean in C__Users_VJP-USER_Desktop_Data_STS4_vtes] INFO  o.e.m.i.launch.MavenLaunchDelegate -  mvn  -B -Dstyle.color=always clean
2023-05-17 22:42:37,183 [Worker-2: Launching Executing install in C__Users_VJP-USER_Desktop_Data_STS4_vtes] INFO  o.e.m.i.launch.MavenLaunchDelegate - Run build in "C:\Users\VJP-USER\Desktop\Data\STS4\vtes":
2023-05-17 22:42:37,184 [Worker-2: Launching Executing install in C__Users_VJP-USER_Desktop_Data_STS4_vtes] INFO  o.e.m.i.launch.MavenLaunchDelegate -  mvn  -B -Dstyle.color=always install
2023-05-17 22:46:32,315 [Worker-18: Building] INFO  o.a.m.s.f.DefaultMavenResourcesFiltering - Copying 1 resource from src\main\resources to target\classes
2023-05-17 22:46:32,333 [Worker-18: Building] INFO  o.a.m.s.f.DefaultMavenResourcesFiltering - Copying 0 resource from src\main\resources to target\classes
2023-05-17 22:46:32,337 [Worker-18: Building] INFO  o.a.m.s.f.DefaultMavenResourcesFiltering - skip non existing resourceDirectory C:\Users\VJP-USER\Desktop\Data\STS4\vtes\src\test\resources
2023-05-17 22:46:54,537 [Worker-20: Building] INFO  o.a.m.s.f.DefaultMavenResourcesFiltering - Copying 1 resource from src\main\resources to target\classes
2023-05-17 22:46:54,564 [Worker-20: Building] INFO  o.a.m.s.f.DefaultMavenResourcesFiltering - Copying 0 resource from src\main\resources to target\classes
2023-05-17 22:46:54,568 [Worker-20: Building] INFO  o.a.m.s.f.DefaultMavenResourcesFiltering - skip non existing resourceDirectory C:\Users\VJP-USER\Desktop\Data\STS4\vtes\src\test\resources
2023-05-17 22:48:14,840 [Worker-10: Building] INFO  o.a.m.s.f.DefaultMavenResourcesFiltering - Copying 1 resource from src\main\resources to target\classes
2023-05-17 22:48:14,847 [Worker-10: Building] INFO  o.a.m.s.f.DefaultMavenResourcesFiltering - Copying 0 resource from src\main\resources to target\classes
2023-05-17 22:48:14,851 [Worker-10: Building] INFO  o.a.m.s.f.DefaultMavenResourcesFiltering - skip non existing resourceDirectory C:\Users\VJP-USER\Desktop\Data\STS4\vtes\src\test\resources
2023-05-17 22:49:42,533 [Worker-17: Building] INFO  o.a.m.s.f.DefaultMavenResourcesFiltering - Copying 0 resource from src\main\resources to target\classes
2023-05-17 22:49:42,534 [Worker-17: Building] INFO  o.a.m.s.f.DefaultMavenResourcesFiltering - Copying 0 resource from src\main\resources to target\classes
2023-05-17 22:49:42,540 [Worker-17: Building] INFO  o.a.m.s.f.DefaultMavenResourcesFiltering - skip non existing resourceDirectory C:\Users\VJP-USER\Desktop\Data\STS4\vtes\src\test\resources
2023-05-17 22:51:05,382 [Worker-19: Building] INFO  o.a.m.s.f.DefaultMavenResourcesFiltering - Copying 0 resource from src\main\resources to target\classes
2023-05-17 22:51:05,383 [Worker-19: Building] INFO  o.a.m.s.f.DefaultMavenResourcesFiltering - Copying 0 resource from src\main\resources to target\classes
2023-05-17 22:51:05,390 [Worker-19: Building] INFO  o.a.m.s.f.DefaultMavenResourcesFiltering - skip non existing resourceDirectory C:\Users\VJP-USER\Desktop\Data\STS4\vtes\src\test\resources
2023-05-17 22:51:10,331 [Worker-14: Building] INFO  o.a.m.s.f.DefaultMavenResourcesFiltering - Copying 0 resource from src\main\resources to target\classes
2023-05-17 22:51:10,331 [Worker-14: Building] INFO  o.a.m.s.f.DefaultMavenResourcesFiltering - Copying 0 resource from src\main\resources to target\classes
2023-05-17 22:51:10,334 [Worker-14: Building] INFO  o.a.m.s.f.DefaultMavenResourcesFiltering - skip non existing resourceDirectory C:\Users\VJP-USER\Desktop\Data\STS4\vtes\src\test\resources
2023-05-17 22:51:54,870 [Worker-20: Building] INFO  o.a.m.s.f.DefaultMavenResourcesFiltering - Copying 0 resource from src\main\resources to target\classes
2023-05-17 22:51:54,871 [Worker-20: Building] INFO  o.a.m.s.f.DefaultMavenResourcesFiltering - Copying 0 resource from src\main\resources to target\classes
2023-05-17 22:51:54,875 [Worker-20: Building] INFO  o.a.m.s.f.DefaultMavenResourcesFiltering - skip non existing resourceDirectory C:\Users\VJP-USER\Desktop\Data\STS4\vtes\src\test\resources
2023-05-17 22:56:07,549 [Worker-20: Building] INFO  o.a.m.s.f.DefaultMavenResourcesFiltering - Copying 1 resource from src\main\resources to target\classes
2023-05-17 22:56:07,558 [Worker-20: Building] INFO  o.a.m.s.f.DefaultMavenResourcesFiltering - Copying 0 resource from src\main\resources to target\classes
2023-05-17 22:56:07,566 [Worker-20: Building] INFO  o.a.m.s.f.DefaultMavenResourcesFiltering - skip non existing resourceDirectory C:\Users\VJP-USER\Desktop\Data\STS4\vtes\src\test\resources
2023-05-17 22:59:32,926 [Worker-17: Building] INFO  o.a.m.s.f.DefaultMavenResourcesFiltering - Copying 1 resource from src\main\resources to target\classes
2023-05-17 22:59:32,941 [Worker-17: Building] INFO  o.a.m.s.f.DefaultMavenResourcesFiltering - Copying 0 resource from src\main\resources to target\classes
2023-05-17 22:59:32,944 [Worker-17: Building] INFO  o.a.m.s.f.DefaultMavenResourcesFiltering - skip non existing resourceDirectory C:\Users\VJP-USER\Desktop\Data\STS4\vtes\src\test\resources
2023-05-17 23:01:54,209 [Worker-23: Building] INFO  o.a.m.s.f.DefaultMavenResourcesFiltering - Copying 1 resource from src\main\resources to target\classes
2023-05-17 23:01:54,217 [Worker-23: Building] INFO  o.a.m.s.f.DefaultMavenResourcesFiltering - Copying 0 resource from src\main\resources to target\classes
2023-05-17 23:01:54,220 [Worker-23: Building] INFO  o.a.m.s.f.DefaultMavenResourcesFiltering - skip non existing resourceDirectory C:\Users\VJP-USER\Desktop\Data\STS4\vtes\src\test\resources
2023-05-17 23:04:51,128 [Worker-23: Building] INFO  o.a.m.s.f.DefaultMavenResourcesFiltering - Copying 1 resource from src\main\resources to target\classes
2023-05-17 23:04:51,139 [Worker-23: Building] INFO  o.a.m.s.f.DefaultMavenResourcesFiltering - Copying 0 resource from src\main\resources to target\classes
2023-05-17 23:04:51,147 [Worker-23: Building] INFO  o.a.m.s.f.DefaultMavenResourcesFiltering - skip non existing resourceDirectory C:\Users\VJP-USER\Desktop\Data\STS4\vtes\src\test\resources
2023-05-17 23:07:38,565 [Worker-20: Building] INFO  o.a.m.s.f.DefaultMavenResourcesFiltering - Copying 1 resource from src\main\resources to target\classes
2023-05-17 23:07:38,581 [Worker-20: Building] INFO  o.a.m.s.f.DefaultMavenResourcesFiltering - Copying 0 resource from src\main\resources to target\classes
2023-05-17 23:07:38,586 [Worker-20: Building] INFO  o.a.m.s.f.DefaultMavenResourcesFiltering - skip non existing resourceDirectory C:\Users\VJP-USER\Desktop\Data\STS4\vtes\src\test\resources
2023-05-17 23:07:41,314 [Worker-23: Building] INFO  o.a.m.s.f.DefaultMavenResourcesFiltering - Copying 1 resource from src\main\resources to target\classes
2023-05-17 23:07:41,325 [Worker-23: Building] INFO  o.a.m.s.f.DefaultMavenResourcesFiltering - Copying 0 resource from src\main\resources to target\classes
2023-05-17 23:07:41,330 [Worker-23: Building] INFO  o.a.m.s.f.DefaultMavenResourcesFiltering - skip non existing resourceDirectory C:\Users\VJP-USER\Desktop\Data\STS4\vtes\src\test\resources
2023-05-17 23:09:15,351 [Worker-27: Building] INFO  o.a.m.s.f.DefaultMavenResourcesFiltering - Copying 1 resource from src\main\resources to target\classes
2023-05-17 23:09:15,391 [Worker-27: Building] INFO  o.a.m.s.f.DefaultMavenResourcesFiltering - Copying 0 resource from src\main\resources to target\classes
2023-05-17 23:09:15,395 [Worker-27: Building] INFO  o.a.m.s.f.DefaultMavenResourcesFiltering - skip non existing resourceDirectory C:\Users\VJP-USER\Desktop\Data\STS4\vtes\src\test\resources
2023-05-17 23:09:22,475 [Worker-23: Building] INFO  o.a.m.s.f.DefaultMavenResourcesFiltering - Copying 1 resource from src\main\resources to target\classes
2023-05-17 23:09:22,484 [Worker-23: Building] INFO  o.a.m.s.f.DefaultMavenResourcesFiltering - Copying 0 resource from src\main\resources to target\classes
2023-05-17 23:09:22,486 [Worker-23: Building] INFO  o.a.m.s.f.DefaultMavenResourcesFiltering - skip non existing resourceDirectory C:\Users\VJP-USER\Desktop\Data\STS4\vtes\src\test\resources
2023-05-17 23:10:03,769 [Worker-28: Building] INFO  o.a.m.s.f.DefaultMavenResourcesFiltering - Copying 1 resource from src\main\resources to target\classes
2023-05-17 23:10:03,785 [Worker-28: Building] INFO  o.a.m.s.f.DefaultMavenResourcesFiltering - Copying 0 resource from src\main\resources to target\classes
2023-05-17 23:10:03,794 [Worker-28: Building] INFO  o.a.m.s.f.DefaultMavenResourcesFiltering - skip non existing resourceDirectory C:\Users\VJP-USER\Desktop\Data\STS4\vtes\src\test\resources
2023-05-17 23:13:47,196 [Worker-32: Building] INFO  o.a.m.s.f.DefaultMavenResourcesFiltering - Copying 1 resource from src\main\resources to target\classes
2023-05-17 23:13:47,209 [Worker-32: Building] INFO  o.a.m.s.f.DefaultMavenResourcesFiltering - Copying 0 resource from src\main\resources to target\classes
2023-05-17 23:13:47,217 [Worker-32: Building] INFO  o.a.m.s.f.DefaultMavenResourcesFiltering - skip non existing resourceDirectory C:\Users\VJP-USER\Desktop\Data\STS4\vtes\src\test\resources
2023-05-17 23:14:36,464 [Worker-32: Building] INFO  o.a.m.s.f.DefaultMavenResourcesFiltering - Copying 1 resource from src\main\resources to target\classes
2023-05-17 23:14:36,471 [Worker-32: Building] INFO  o.a.m.s.f.DefaultMavenResourcesFiltering - Copying 0 resource from src\main\resources to target\classes
2023-05-17 23:14:36,475 [Worker-32: Building] INFO  o.a.m.s.f.DefaultMavenResourcesFiltering - skip non existing resourceDirectory C:\Users\VJP-USER\Desktop\Data\STS4\vtes\src\test\resources
2023-05-17 23:14:47,686 [Worker-32: Building] INFO  o.a.m.s.f.DefaultMavenResourcesFiltering - Copying 1 resource from src\main\resources to target\classes
2023-05-17 23:14:47,691 [Worker-32: Building] INFO  o.a.m.s.f.DefaultMavenResourcesFiltering - Copying 0 resource from src\main\resources to target\classes
2023-05-17 23:14:47,696 [Worker-32: Building] INFO  o.a.m.s.f.DefaultMavenResourcesFiltering - skip non existing resourceDirectory C:\Users\VJP-USER\Desktop\Data\STS4\vtes\src\test\resources
2023-05-17 23:14:52,984 [Worker-34: Building] INFO  o.a.m.s.f.DefaultMavenResourcesFiltering - Copying 1 resource from src\main\resources to target\classes
2023-05-17 23:14:52,989 [Worker-34: Building] INFO  o.a.m.s.f.DefaultMavenResourcesFiltering - Copying 0 resource from src\main\resources to target\classes
2023-05-17 23:14:52,992 [Worker-34: Building] INFO  o.a.m.s.f.DefaultMavenResourcesFiltering - skip non existing resourceDirectory C:\Users\VJP-USER\Desktop\Data\STS4\vtes\src\test\resources
2023-05-17 23:15:25,683 [Worker-33: Building] INFO  o.a.m.s.f.DefaultMavenResourcesFiltering - Copying 1 resource from src\main\resources to target\classes
2023-05-17 23:15:25,692 [Worker-33: Building] INFO  o.a.m.s.f.DefaultMavenResourcesFiltering - Copying 0 resource from src\main\resources to target\classes
2023-05-17 23:15:25,697 [Worker-33: Building] INFO  o.a.m.s.f.DefaultMavenResourcesFiltering - skip non existing resourceDirectory C:\Users\VJP-USER\Desktop\Data\STS4\vtes\src\test\resources
2023-05-17 23:15:28,889 [Worker-32: Building] INFO  o.a.m.s.f.DefaultMavenResourcesFiltering - Copying 1 resource from src\main\resources to target\classes
2023-05-17 23:15:28,893 [Worker-32: Building] INFO  o.a.m.s.f.DefaultMavenResourcesFiltering - Copying 0 resource from src\main\resources to target\classes
2023-05-17 23:15:28,895 [Worker-32: Building] INFO  o.a.m.s.f.DefaultMavenResourcesFiltering - skip non existing resourceDirectory C:\Users\VJP-USER\Desktop\Data\STS4\vtes\src\test\resources
2023-05-17 23:15:34,757 [Worker-35: Building] INFO  o.a.m.s.f.DefaultMavenResourcesFiltering - Copying 1 resource from src\main\resources to target\classes
2023-05-17 23:15:34,763 [Worker-35: Building] INFO  o.a.m.s.f.DefaultMavenResourcesFiltering - Copying 0 resource from src\main\resources to target\classes
2023-05-17 23:15:34,765 [Worker-35: Building] INFO  o.a.m.s.f.DefaultMavenResourcesFiltering - skip non existing resourceDirectory C:\Users\VJP-USER\Desktop\Data\STS4\vtes\src\test\resources
2023-05-17 23:15:54,479 [Worker-35: Building] INFO  o.a.m.s.f.DefaultMavenResourcesFiltering - Copying 1 resource from src\main\resources to target\classes
2023-05-17 23:15:54,487 [Worker-35: Building] INFO  o.a.m.s.f.DefaultMavenResourcesFiltering - Copying 0 resource from src\main\resources to target\classes
2023-05-17 23:15:54,491 [Worker-35: Building] INFO  o.a.m.s.f.DefaultMavenResourcesFiltering - skip non existing resourceDirectory C:\Users\VJP-USER\Desktop\Data\STS4\vtes\src\test\resources
2023-05-17 23:16:05,712 [Worker-32: Building] INFO  o.a.m.s.f.DefaultMavenResourcesFiltering - Copying 1 resource from src\main\resources to target\classes
2023-05-17 23:16:05,722 [Worker-32: Building] INFO  o.a.m.s.f.DefaultMavenResourcesFiltering - Copying 0 resource from src\main\resources to target\classes
2023-05-17 23:16:05,728 [Worker-32: Building] INFO  o.a.m.s.f.DefaultMavenResourcesFiltering - skip non existing resourceDirectory C:\Users\VJP-USER\Desktop\Data\STS4\vtes\src\test\resources
2023-05-17 23:16:23,109 [Worker-26: Building] INFO  o.a.m.s.f.DefaultMavenResourcesFiltering - Copying 1 resource from src\main\resources to target\classes
2023-05-17 23:16:23,120 [Worker-26: Building] INFO  o.a.m.s.f.DefaultMavenResourcesFiltering - Copying 0 resource from src\main\resources to target\classes
2023-05-17 23:16:23,124 [Worker-26: Building] INFO  o.a.m.s.f.DefaultMavenResourcesFiltering - skip non existing resourceDirectory C:\Users\VJP-USER\Desktop\Data\STS4\vtes\src\test\resources
2023-05-17 23:25:31,248 [Worker-36: Building] INFO  o.a.m.s.f.DefaultMavenResourcesFiltering - Copying 1 resource from src\main\resources to target\classes
2023-05-17 23:25:31,271 [Worker-36: Building] INFO  o.a.m.s.f.DefaultMavenResourcesFiltering - Copying 0 resource from src\main\resources to target\classes
2023-05-17 23:25:31,278 [Worker-36: Building] INFO  o.a.m.s.f.DefaultMavenResourcesFiltering - skip non existing resourceDirectory C:\Users\VJP-USER\Desktop\Data\STS4\vtes\src\test\resources
2023-05-17 23:25:56,053 [Worker-40: Building] INFO  o.a.m.s.f.DefaultMavenResourcesFiltering - Copying 1 resource from src\main\resources to target\classes
2023-05-17 23:25:56,071 [Worker-40: Building] INFO  o.a.m.s.f.DefaultMavenResourcesFiltering - Copying 0 resource from src\main\resources to target\classes
2023-05-17 23:25:56,075 [Worker-40: Building] INFO  o.a.m.s.f.DefaultMavenResourcesFiltering - skip non existing resourceDirectory C:\Users\VJP-USER\Desktop\Data\STS4\vtes\src\test\resources
2023-05-17 23:26:18,631 [Worker-26: Building] INFO  o.a.m.s.f.DefaultMavenResourcesFiltering - Copying 1 resource from src\main\resources to target\classes
2023-05-17 23:26:18,640 [Worker-26: Building] INFO  o.a.m.s.f.DefaultMavenResourcesFiltering - Copying 0 resource from src\main\resources to target\classes
2023-05-17 23:26:18,645 [Worker-26: Building] INFO  o.a.m.s.f.DefaultMavenResourcesFiltering - skip non existing resourceDirectory C:\Users\VJP-USER\Desktop\Data\STS4\vtes\src\test\resources
2023-05-17 23:26:38,320 [Worker-33: Building] INFO  o.a.m.s.f.DefaultMavenResourcesFiltering - Copying 1 resource from src\main\resources to target\classes
2023-05-17 23:26:38,326 [Worker-33: Building] INFO  o.a.m.s.f.DefaultMavenResourcesFiltering - Copying 0 resource from src\main\resources to target\classes
2023-05-17 23:26:38,330 [Worker-33: Building] INFO  o.a.m.s.f.DefaultMavenResourcesFiltering - skip non existing resourceDirectory C:\Users\VJP-USER\Desktop\Data\STS4\vtes\src\test\resources
2023-05-17 23:27:32,587 [Worker-41: Building] INFO  o.a.m.s.f.DefaultMavenResourcesFiltering - Copying 1 resource from src\main\resources to target\classes
2023-05-17 23:27:32,593 [Worker-41: Building] INFO  o.a.m.s.f.DefaultMavenResourcesFiltering - Copying 0 resource from src\main\resources to target\classes
2023-05-17 23:27:32,596 [Worker-41: Building] INFO  o.a.m.s.f.DefaultMavenResourcesFiltering - skip non existing resourceDirectory C:\Users\VJP-USER\Desktop\Data\STS4\vtes\src\test\resources
2023-05-17 23:27:42,354 [Worker-39: Building] INFO  o.a.m.s.f.DefaultMavenResourcesFiltering - Copying 1 resource from src\main\resources to target\classes
2023-05-17 23:27:42,360 [Worker-39: Building] INFO  o.a.m.s.f.DefaultMavenResourcesFiltering - Copying 0 resource from src\main\resources to target\classes
2023-05-17 23:27:42,364 [Worker-39: Building] INFO  o.a.m.s.f.DefaultMavenResourcesFiltering - skip non existing resourceDirectory C:\Users\VJP-USER\Desktop\Data\STS4\vtes\src\test\resources
2023-05-17 23:28:36,414 [Worker-41: Building] INFO  o.a.m.s.f.DefaultMavenResourcesFiltering - Copying 1 resource from src\main\resources to target\classes
2023-05-17 23:28:36,421 [Worker-41: Building] INFO  o.a.m.s.f.DefaultMavenResourcesFiltering - Copying 0 resource from src\main\resources to target\classes
2023-05-17 23:28:36,424 [Worker-41: Building] INFO  o.a.m.s.f.DefaultMavenResourcesFiltering - skip non existing resourceDirectory C:\Users\VJP-USER\Desktop\Data\STS4\vtes\src\test\resources
2023-05-17 23:34:58,449 [Worker-26: Building] INFO  o.a.m.s.f.DefaultMavenResourcesFiltering - Copying 1 resource from src\main\resources to target\classes
2023-05-17 23:34:58,455 [Worker-26: Building] INFO  o.a.m.s.f.DefaultMavenResourcesFiltering - Copying 0 resource from src\main\resources to target\classes
2023-05-17 23:34:58,457 [Worker-26: Building] INFO  o.a.m.s.f.DefaultMavenResourcesFiltering - skip non existing resourceDirectory C:\Users\VJP-USER\Desktop\Data\STS4\vtes\src\test\resources
2023-05-17 23:34:59,544 [Worker-40: Building] INFO  o.a.m.s.f.DefaultMavenResourcesFiltering - Copying 1 resource from src\main\resources to target\classes
2023-05-17 23:34:59,552 [Worker-40: Building] INFO  o.a.m.s.f.DefaultMavenResourcesFiltering - Copying 0 resource from src\main\resources to target\classes
2023-05-17 23:34:59,554 [Worker-40: Building] INFO  o.a.m.s.f.DefaultMavenResourcesFiltering - skip non existing resourceDirectory C:\Users\VJP-USER\Desktop\Data\STS4\vtes\src\test\resources
2023-05-17 23:37:24,422 [Worker-37: Building] INFO  o.a.m.s.f.DefaultMavenResourcesFiltering - Copying 1 resource from src\main\resources to target\classes
2023-05-17 23:37:24,427 [Worker-37: Building] INFO  o.a.m.s.f.DefaultMavenResourcesFiltering - Copying 0 resource from src\main\resources to target\classes
2023-05-17 23:37:24,430 [Worker-37: Building] INFO  o.a.m.s.f.DefaultMavenResourcesFiltering - skip non existing resourceDirectory C:\Users\VJP-USER\Desktop\Data\STS4\vtes\src\test\resources
2023-05-17 23:37:48,870 [Worker-36: Building] INFO  o.a.m.s.f.DefaultMavenResourcesFiltering - Copying 1 resource from src\main\resources to target\classes
2023-05-17 23:37:48,879 [Worker-36: Building] INFO  o.a.m.s.f.DefaultMavenResourcesFiltering - Copying 0 resource from src\main\resources to target\classes
2023-05-17 23:37:48,882 [Worker-36: Building] INFO  o.a.m.s.f.DefaultMavenResourcesFiltering - skip non existing resourceDirectory C:\Users\VJP-USER\Desktop\Data\STS4\vtes\src\test\resources
2023-05-17 23:41:15,319 [Worker-36: Building] INFO  o.a.m.s.f.DefaultMavenResourcesFiltering - Copying 1 resource from src\main\resources to target\classes
2023-05-17 23:41:15,325 [Worker-36: Building] INFO  o.a.m.s.f.DefaultMavenResourcesFiltering - Copying 0 resource from src\main\resources to target\classes
2023-05-17 23:41:15,328 [Worker-36: Building] INFO  o.a.m.s.f.DefaultMavenResourcesFiltering - skip non existing resourceDirectory C:\Users\VJP-USER\Desktop\Data\STS4\vtes\src\test\resources
2023-05-17 23:41:27,918 [Worker-33: Building] INFO  o.a.m.s.f.DefaultMavenResourcesFiltering - Copying 1 resource from src\main\resources to target\classes
2023-05-17 23:41:27,925 [Worker-33: Building] INFO  o.a.m.s.f.DefaultMavenResourcesFiltering - Copying 0 resource from src\main\resources to target\classes
2023-05-17 23:41:27,928 [Worker-33: Building] INFO  o.a.m.s.f.DefaultMavenResourcesFiltering - skip non existing resourceDirectory C:\Users\VJP-USER\Desktop\Data\STS4\vtes\src\test\resources
2023-05-17 23:41:49,580 [Worker-37: Building] INFO  o.a.m.s.f.DefaultMavenResourcesFiltering - Copying 1 resource from src\main\resources to target\classes
2023-05-17 23:41:49,585 [Worker-37: Building] INFO  o.a.m.s.f.DefaultMavenResourcesFiltering - Copying 0 resource from src\main\resources to target\classes
2023-05-17 23:41:49,588 [Worker-37: Building] INFO  o.a.m.s.f.DefaultMavenResourcesFiltering - skip non existing resourceDirectory C:\Users\VJP-USER\Desktop\Data\STS4\vtes\src\test\resources
2023-05-17 23:42:24,139 [Worker-43: Building] INFO  o.a.m.s.f.DefaultMavenResourcesFiltering - Copying 1 resource from src\main\resources to target\classes
2023-05-17 23:42:24,146 [Worker-43: Building] INFO  o.a.m.s.f.DefaultMavenResourcesFiltering - Copying 0 resource from src\main\resources to target\classes
2023-05-17 23:42:24,150 [Worker-43: Building] INFO  o.a.m.s.f.DefaultMavenResourcesFiltering - skip non existing resourceDirectory C:\Users\VJP-USER\Desktop\Data\STS4\vtes\src\test\resources
2023-05-17 23:44:00,013 [Worker-40: Building] INFO  o.a.m.s.f.DefaultMavenResourcesFiltering - Copying 1 resource from src\main\resources to target\classes
2023-05-17 23:44:00,021 [Worker-40: Building] INFO  o.a.m.s.f.DefaultMavenResourcesFiltering - Copying 0 resource from src\main\resources to target\classes
2023-05-17 23:44:00,026 [Worker-40: Building] INFO  o.a.m.s.f.DefaultMavenResourcesFiltering - skip non existing resourceDirectory C:\Users\VJP-USER\Desktop\Data\STS4\vtes\src\test\resources
2023-05-17 23:46:36,913 [Worker-40: Building] INFO  o.a.m.s.f.DefaultMavenResourcesFiltering - Copying 1 resource from src\main\resources to target\classes
2023-05-17 23:46:36,921 [Worker-40: Building] INFO  o.a.m.s.f.DefaultMavenResourcesFiltering - Copying 0 resource from src\main\resources to target\classes
2023-05-17 23:46:36,924 [Worker-40: Building] INFO  o.a.m.s.f.DefaultMavenResourcesFiltering - skip non existing resourceDirectory C:\Users\VJP-USER\Desktop\Data\STS4\vtes\src\test\resources
2023-05-17 23:47:29,452 [Worker-40: Building] INFO  o.a.m.s.f.DefaultMavenResourcesFiltering - Copying 1 resource from src\main\resources to target\classes
2023-05-17 23:47:29,458 [Worker-40: Building] INFO  o.a.m.s.f.DefaultMavenResourcesFiltering - Copying 0 resource from src\main\resources to target\classes
2023-05-17 23:47:29,461 [Worker-40: Building] INFO  o.a.m.s.f.DefaultMavenResourcesFiltering - skip non existing resourceDirectory C:\Users\VJP-USER\Desktop\Data\STS4\vtes\src\test\resources
2023-05-17 23:47:34,389 [Worker-47: Building] INFO  o.a.m.s.f.DefaultMavenResourcesFiltering - Copying 1 resource from src\main\resources to target\classes
2023-05-17 23:47:34,400 [Worker-47: Building] INFO  o.a.m.s.f.DefaultMavenResourcesFiltering - Copying 0 resource from src\main\resources to target\classes
2023-05-17 23:47:34,403 [Worker-47: Building] INFO  o.a.m.s.f.DefaultMavenResourcesFiltering - skip non existing resourceDirectory C:\Users\VJP-USER\Desktop\Data\STS4\vtes\src\test\resources
2023-05-17 23:48:06,506 [Worker-45: Building] INFO  o.a.m.s.f.DefaultMavenResourcesFiltering - Copying 1 resource from src\main\resources to target\classes
2023-05-17 23:48:06,514 [Worker-45: Building] INFO  o.a.m.s.f.DefaultMavenResourcesFiltering - Copying 0 resource from src\main\resources to target\classes
2023-05-17 23:48:06,518 [Worker-45: Building] INFO  o.a.m.s.f.DefaultMavenResourcesFiltering - skip non existing resourceDirectory C:\Users\VJP-USER\Desktop\Data\STS4\vtes\src\test\resources
2023-05-17 23:48:50,434 [Worker-46: Building] INFO  o.a.m.s.f.DefaultMavenResourcesFiltering - Copying 1 resource from src\main\resources to target\classes
2023-05-17 23:48:50,439 [Worker-46: Building] INFO  o.a.m.s.f.DefaultMavenResourcesFiltering - Copying 0 resource from src\main\resources to target\classes
2023-05-17 23:48:50,442 [Worker-46: Building] INFO  o.a.m.s.f.DefaultMavenResourcesFiltering - skip non existing resourceDirectory C:\Users\VJP-USER\Desktop\Data\STS4\vtes\src\test\resources
2023-05-17 23:49:40,657 [Worker-40: Building] INFO  o.a.m.s.f.DefaultMavenResourcesFiltering - Copying 1 resource from src\main\resources to target\classes
2023-05-17 23:49:40,664 [Worker-40: Building] INFO  o.a.m.s.f.DefaultMavenResourcesFiltering - Copying 0 resource from src\main\resources to target\classes
2023-05-17 23:49:40,668 [Worker-40: Building] INFO  o.a.m.s.f.DefaultMavenResourcesFiltering - skip non existing resourceDirectory C:\Users\VJP-USER\Desktop\Data\STS4\vtes\src\test\resources
2023-05-17 23:49:59,681 [Worker-45: Building] INFO  o.a.m.s.f.DefaultMavenResourcesFiltering - Copying 1 resource from src\main\resources to target\classes
2023-05-17 23:49:59,688 [Worker-45: Building] INFO  o.a.m.s.f.DefaultMavenResourcesFiltering - Copying 0 resource from src\main\resources to target\classes
2023-05-17 23:49:59,691 [Worker-45: Building] INFO  o.a.m.s.f.DefaultMavenResourcesFiltering - skip non existing resourceDirectory C:\Users\VJP-USER\Desktop\Data\STS4\vtes\src\test\resources
2023-05-17 23:50:02,913 [Worker-46: Building] INFO  o.a.m.s.f.DefaultMavenResourcesFiltering - Copying 1 resource from src\main\resources to target\classes
2023-05-17 23:50:02,920 [Worker-46: Building] INFO  o.a.m.s.f.DefaultMavenResourcesFiltering - Copying 0 resource from src\main\resources to target\classes
2023-05-17 23:50:02,922 [Worker-46: Building] INFO  o.a.m.s.f.DefaultMavenResourcesFiltering - skip non existing resourceDirectory C:\Users\VJP-USER\Desktop\Data\STS4\vtes\src\test\resources
2023-05-18 09:50:02,142 [Worker-7: Loading available Gradle versions] INFO  o.e.b.c.i.u.g.PublishedGradleVersions - Gradle version information cache is up-to-date. Trying to read.
2023-05-18 09:53:59,550 [Worker-11: Building] INFO  o.a.m.s.f.DefaultMavenResourcesFiltering - Copying 1 resource from src\main\resources to target\classes
2023-05-18 09:53:59,573 [Worker-11: Building] INFO  o.a.m.s.f.DefaultMavenResourcesFiltering - Copying 0 resource from src\main\resources to target\classes
2023-05-18 09:53:59,578 [Worker-11: Building] INFO  o.a.m.s.f.DefaultMavenResourcesFiltering - skip non existing resourceDirectory C:\Users\VJP-USER\Desktop\Data\STS4\vtes\src\test\resources
2023-05-18 09:55:06,537 [Worker-5: Building] INFO  o.a.m.s.f.DefaultMavenResourcesFiltering - Copying 1 resource from src\main\resources to target\classes
2023-05-18 09:55:06,545 [Worker-5: Building] INFO  o.a.m.s.f.DefaultMavenResourcesFiltering - Copying 0 resource from src\main\resources to target\classes
2023-05-18 09:55:06,548 [Worker-5: Building] INFO  o.a.m.s.f.DefaultMavenResourcesFiltering - skip non existing resourceDirectory C:\Users\VJP-USER\Desktop\Data\STS4\vtes\src\test\resources
2023-05-18 09:55:23,345 [Worker-5: Building] INFO  o.a.m.s.f.DefaultMavenResourcesFiltering - Copying 1 resource from src\main\resources to target\classes
2023-05-18 09:55:23,351 [Worker-5: Building] INFO  o.a.m.s.f.DefaultMavenResourcesFiltering - Copying 0 resource from src\main\resources to target\classes
2023-05-18 09:55:23,353 [Worker-5: Building] INFO  o.a.m.s.f.DefaultMavenResourcesFiltering - skip non existing resourceDirectory C:\Users\VJP-USER\Desktop\Data\STS4\vtes\src\test\resources
2023-05-18 09:57:10,767 [Worker-5: Building] INFO  o.a.m.s.f.DefaultMavenResourcesFiltering - Copying 1 resource from src\main\resources to target\classes
2023-05-18 09:57:10,787 [Worker-5: Building] INFO  o.a.m.s.f.DefaultMavenResourcesFiltering - Copying 0 resource from src\main\resources to target\classes
2023-05-18 09:57:10,790 [Worker-5: Building] INFO  o.a.m.s.f.DefaultMavenResourcesFiltering - skip non existing resourceDirectory C:\Users\VJP-USER\Desktop\Data\STS4\vtes\src\test\resources
2023-05-18 10:04:08,178 [Worker-18: Building] INFO  o.a.m.s.f.DefaultMavenResourcesFiltering - Copying 1 resource from src\main\resources to target\classes
2023-05-18 10:04:08,189 [Worker-18: Building] INFO  o.a.m.s.f.DefaultMavenResourcesFiltering - Copying 0 resource from src\main\resources to target\classes
2023-05-18 10:04:08,193 [Worker-18: Building] INFO  o.a.m.s.f.DefaultMavenResourcesFiltering - skip non existing resourceDirectory C:\Users\VJP-USER\Desktop\Data\STS4\vtes\src\test\resources
2023-05-18 10:04:11,786 [Worker-1: Building] INFO  o.a.m.s.f.DefaultMavenResourcesFiltering - Copying 1 resource from src\main\resources to target\classes
2023-05-18 10:04:11,794 [Worker-1: Building] INFO  o.a.m.s.f.DefaultMavenResourcesFiltering - Copying 0 resource from src\main\resources to target\classes
2023-05-18 10:04:11,798 [Worker-1: Building] INFO  o.a.m.s.f.DefaultMavenResourcesFiltering - skip non existing resourceDirectory C:\Users\VJP-USER\Desktop\Data\STS4\vtes\src\test\resources
2023-05-18 10:05:18,905 [Worker-20: Building] INFO  o.a.m.s.f.DefaultMavenResourcesFiltering - Copying 1 resource from src\main\resources to target\classes
2023-05-18 10:05:18,916 [Worker-20: Building] INFO  o.a.m.s.f.DefaultMavenResourcesFiltering - Copying 0 resource from src\main\resources to target\classes
2023-05-18 10:05:18,923 [Worker-20: Building] INFO  o.a.m.s.f.DefaultMavenResourcesFiltering - skip non existing resourceDirectory C:\Users\VJP-USER\Desktop\Data\STS4\vtes\src\test\resources
2023-05-18 10:05:34,524 [Worker-1: Building] INFO  o.a.m.s.f.DefaultMavenResourcesFiltering - Copying 1 resource from src\main\resources to target\classes
2023-05-18 10:05:34,534 [Worker-1: Building] INFO  o.a.m.s.f.DefaultMavenResourcesFiltering - Copying 0 resource from src\main\resources to target\classes
2023-05-18 10:05:34,543 [Worker-1: Building] INFO  o.a.m.s.f.DefaultMavenResourcesFiltering - skip non existing resourceDirectory C:\Users\VJP-USER\Desktop\Data\STS4\vtes\src\test\resources
2023-05-18 10:05:50,965 [Worker-19: Launching vtes - VtesApplication] INFO  o.a.m.s.f.DefaultMavenResourcesFiltering - Copying 1 resource from src\main\resources to target\classes
2023-05-18 10:05:50,973 [Worker-19: Launching vtes - VtesApplication] INFO  o.a.m.s.f.DefaultMavenResourcesFiltering - Copying 0 resource from src\main\resources to target\classes
2023-05-18 10:05:50,976 [Worker-19: Launching vtes - VtesApplication] INFO  o.a.m.s.f.DefaultMavenResourcesFiltering - skip non existing resourceDirectory C:\Users\VJP-USER\Desktop\Data\STS4\vtes\src\test\resources
2023-05-18 10:10:41,325 [Worker-23: Building] INFO  o.a.m.s.f.DefaultMavenResourcesFiltering - Copying 1 resource from src\main\resources to target\classes
2023-05-18 10:10:41,334 [Worker-23: Building] INFO  o.a.m.s.f.DefaultMavenResourcesFiltering - Copying 0 resource from src\main\resources to target\classes
2023-05-18 10:10:41,340 [Worker-23: Building] INFO  o.a.m.s.f.DefaultMavenResourcesFiltering - skip non existing resourceDirectory C:\Users\VJP-USER\Desktop\Data\STS4\vtes\src\test\resources
2023-05-18 10:11:01,739 [Worker-23: Building] INFO  o.a.m.s.f.DefaultMavenResourcesFiltering - Copying 1 resource from src\main\resources to target\classes
2023-05-18 10:11:01,745 [Worker-23: Building] INFO  o.a.m.s.f.DefaultMavenResourcesFiltering - Copying 0 resource from src\main\resources to target\classes
2023-05-18 10:11:01,748 [Worker-23: Building] INFO  o.a.m.s.f.DefaultMavenResourcesFiltering - skip non existing resourceDirectory C:\Users\VJP-USER\Desktop\Data\STS4\vtes\src\test\resources
2023-05-18 10:13:07,974 [Worker-18: Building] INFO  o.a.m.s.f.DefaultMavenResourcesFiltering - Copying 1 resource from src\main\resources to target\classes
2023-05-18 10:13:07,988 [Worker-18: Building] INFO  o.a.m.s.f.DefaultMavenResourcesFiltering - Copying 0 resource from src\main\resources to target\classes
2023-05-18 10:13:07,994 [Worker-18: Building] INFO  o.a.m.s.f.DefaultMavenResourcesFiltering - skip non existing resourceDirectory C:\Users\VJP-USER\Desktop\Data\STS4\vtes\src\test\resources
2023-05-18 10:15:07,774 [Worker-18: Building] INFO  o.a.m.s.f.DefaultMavenResourcesFiltering - Copying 0 resource from src\main\resources to target\classes
2023-05-18 10:15:07,774 [Worker-18: Building] INFO  o.a.m.s.f.DefaultMavenResourcesFiltering - Copying 0 resource from src\main\resources to target\classes
2023-05-18 10:15:07,778 [Worker-18: Building] INFO  o.a.m.s.f.DefaultMavenResourcesFiltering - skip non existing resourceDirectory C:\Users\VJP-USER\Desktop\Data\STS4\vtes\src\test\resources
2023-05-18 10:26:30,675 [Worker-29: Building] INFO  o.a.m.s.f.DefaultMavenResourcesFiltering - Copying 1 resource from src\main\resources to target\classes
2023-05-18 10:26:30,682 [Worker-29: Building] INFO  o.a.m.s.f.DefaultMavenResourcesFiltering - Copying 0 resource from src\main\resources to target\classes
2023-05-18 10:26:30,684 [Worker-29: Building] INFO  o.a.m.s.f.DefaultMavenResourcesFiltering - skip non existing resourceDirectory C:\Users\VJP-USER\Desktop\Data\STS4\vtes\src\test\resources
2023-05-18 10:28:30,796 [Worker-37: Building] INFO  o.a.m.s.f.DefaultMavenResourcesFiltering - Copying 1 resource from src\main\resources to target\classes
2023-05-18 10:28:30,815 [Worker-37: Building] INFO  o.a.m.s.f.DefaultMavenResourcesFiltering - Copying 0 resource from src\main\resources to target\classes
2023-05-18 10:28:30,826 [Worker-37: Building] INFO  o.a.m.s.f.DefaultMavenResourcesFiltering - skip non existing resourceDirectory C:\Users\VJP-USER\Desktop\Data\STS4\vtes\src\test\resources
2023-05-18 10:29:12,839 [Worker-36: Building] INFO  o.a.m.s.f.DefaultMavenResourcesFiltering - Copying 1 resource from src\main\resources to target\classes
2023-05-18 10:29:12,852 [Worker-36: Building] INFO  o.a.m.s.f.DefaultMavenResourcesFiltering - Copying 0 resource from src\main\resources to target\classes
2023-05-18 10:29:12,860 [Worker-36: Building] INFO  o.a.m.s.f.DefaultMavenResourcesFiltering - skip non existing resourceDirectory C:\Users\VJP-USER\Desktop\Data\STS4\vtes\src\test\resources
2023-05-18 10:30:58,975 [Worker-29: Building] INFO  o.a.m.s.f.DefaultMavenResourcesFiltering - Copying 0 resource from src\main\resources to target\classes
2023-05-18 10:30:58,976 [Worker-29: Building] INFO  o.a.m.s.f.DefaultMavenResourcesFiltering - Copying 0 resource from src\main\resources to target\classes
2023-05-18 10:30:58,981 [Worker-29: Building] INFO  o.a.m.s.f.DefaultMavenResourcesFiltering - skip non existing resourceDirectory C:\Users\VJP-USER\Desktop\Data\STS4\vtes\src\test\resources
2023-05-18 10:31:07,157 [Worker-38: Launching AccountServiceTest] INFO  o.a.m.s.f.DefaultMavenResourcesFiltering - Copying 1 resource from src\main\resources to target\classes
2023-05-18 10:31:07,164 [Worker-38: Launching AccountServiceTest] INFO  o.a.m.s.f.DefaultMavenResourcesFiltering - Copying 0 resource from src\main\resources to target\classes
2023-05-18 10:31:07,167 [Worker-38: Launching AccountServiceTest] INFO  o.a.m.s.f.DefaultMavenResourcesFiltering - skip non existing resourceDirectory C:\Users\VJP-USER\Desktop\Data\STS4\vtes\src\test\resources
2023-05-18 10:34:34,761 [Worker-40: Building] INFO  o.a.m.s.f.DefaultMavenResourcesFiltering - Copying 1 resource from src\main\resources to target\classes
2023-05-18 10:34:34,765 [Worker-40: Building] INFO  o.a.m.s.f.DefaultMavenResourcesFiltering - Copying 0 resource from src\main\resources to target\classes
2023-05-18 10:34:34,767 [Worker-40: Building] INFO  o.a.m.s.f.DefaultMavenResourcesFiltering - skip non existing resourceDirectory C:\Users\VJP-USER\Desktop\Data\STS4\vtes\src\test\resources
2023-05-18 10:36:27,127 [Worker-41: Building] INFO  o.a.m.s.f.DefaultMavenResourcesFiltering - Copying 1 resource from src\main\resources to target\classes
2023-05-18 10:36:27,140 [Worker-41: Building] INFO  o.a.m.s.f.DefaultMavenResourcesFiltering - Copying 0 resource from src\main\resources to target\classes
2023-05-18 10:36:27,149 [Worker-41: Building] INFO  o.a.m.s.f.DefaultMavenResourcesFiltering - skip non existing resourceDirectory C:\Users\VJP-USER\Desktop\Data\STS4\vtes\src\test\resources
2023-05-18 10:42:22,200 [Worker-29: Building] INFO  o.a.m.s.f.DefaultMavenResourcesFiltering - Copying 1 resource from src\main\resources to target\classes
2023-05-18 10:42:22,210 [Worker-29: Building] INFO  o.a.m.s.f.DefaultMavenResourcesFiltering - Copying 0 resource from src\main\resources to target\classes
2023-05-18 10:42:22,215 [Worker-29: Building] INFO  o.a.m.s.f.DefaultMavenResourcesFiltering - skip non existing resourceDirectory C:\Users\VJP-USER\Desktop\Data\STS4\vtes\src\test\resources
2023-05-18 10:43:45,622 [Worker-46: Building] INFO  o.a.m.s.f.DefaultMavenResourcesFiltering - Copying 1 resource from src\main\resources to target\classes
2023-05-18 10:43:45,632 [Worker-46: Building] INFO  o.a.m.s.f.DefaultMavenResourcesFiltering - Copying 0 resource from src\main\resources to target\classes
2023-05-18 10:43:45,638 [Worker-46: Building] INFO  o.a.m.s.f.DefaultMavenResourcesFiltering - skip non existing resourceDirectory C:\Users\VJP-USER\Desktop\Data\STS4\vtes\src\test\resources
2023-05-18 10:44:13,150 [Worker-45: Building] INFO  o.a.m.s.f.DefaultMavenResourcesFiltering - Copying 1 resource from src\main\resources to target\classes
2023-05-18 10:44:13,159 [Worker-45: Building] INFO  o.a.m.s.f.DefaultMavenResourcesFiltering - Copying 0 resource from src\main\resources to target\classes
2023-05-18 10:44:13,163 [Worker-45: Building] INFO  o.a.m.s.f.DefaultMavenResourcesFiltering - skip non existing resourceDirectory C:\Users\VJP-USER\Desktop\Data\STS4\vtes\src\test\resources
2023-05-18 10:45:16,090 [Worker-40: Building] INFO  o.a.m.s.f.DefaultMavenResourcesFiltering - Copying 1 resource from src\main\resources to target\classes
2023-05-18 10:45:16,102 [Worker-40: Building] INFO  o.a.m.s.f.DefaultMavenResourcesFiltering - Copying 0 resource from src\main\resources to target\classes
2023-05-18 10:45:16,108 [Worker-40: Building] INFO  o.a.m.s.f.DefaultMavenResourcesFiltering - skip non existing resourceDirectory C:\Users\VJP-USER\Desktop\Data\STS4\vtes\src\test\resources
2023-05-18 10:46:43,245 [Worker-48: Building] INFO  o.a.m.s.f.DefaultMavenResourcesFiltering - Copying 1 resource from src\main\resources to target\classes
2023-05-18 10:46:43,261 [Worker-48: Building] INFO  o.a.m.s.f.DefaultMavenResourcesFiltering - Copying 0 resource from src\main\resources to target\classes
2023-05-18 10:46:43,271 [Worker-48: Building] INFO  o.a.m.s.f.DefaultMavenResourcesFiltering - skip non existing resourceDirectory C:\Users\VJP-USER\Desktop\Data\STS4\vtes\src\test\resources
2023-05-18 10:55:05,046 [Worker-52: Building] INFO  o.a.m.s.f.DefaultMavenResourcesFiltering - Copying 1 resource from src\main\resources to target\classes
2023-05-18 10:55:05,054 [Worker-52: Building] INFO  o.a.m.s.f.DefaultMavenResourcesFiltering - Copying 0 resource from src\main\resources to target\classes
2023-05-18 10:55:05,059 [Worker-52: Building] INFO  o.a.m.s.f.DefaultMavenResourcesFiltering - skip non existing resourceDirectory C:\Users\VJP-USER\Desktop\Data\STS4\vtes\src\test\resources
2023-05-18 10:59:30,080 [Worker-54: Building] INFO  o.a.m.s.f.DefaultMavenResourcesFiltering - Copying 1 resource from src\main\resources to target\classes
2023-05-18 10:59:30,087 [Worker-54: Building] INFO  o.a.m.s.f.DefaultMavenResourcesFiltering - Copying 0 resource from src\main\resources to target\classes
2023-05-18 10:59:30,091 [Worker-54: Building] INFO  o.a.m.s.f.DefaultMavenResourcesFiltering - skip non existing resourceDirectory C:\Users\VJP-USER\Desktop\Data\STS4\vtes\src\test\resources
2023-05-18 11:00:00,923 [Worker-52: Building] INFO  o.a.m.s.f.DefaultMavenResourcesFiltering - Copying 1 resource from src\main\resources to target\classes
2023-05-18 11:00:00,928 [Worker-52: Building] INFO  o.a.m.s.f.DefaultMavenResourcesFiltering - Copying 0 resource from src\main\resources to target\classes
2023-05-18 11:00:00,932 [Worker-52: Building] INFO  o.a.m.s.f.DefaultMavenResourcesFiltering - skip non existing resourceDirectory C:\Users\VJP-USER\Desktop\Data\STS4\vtes\src\test\resources
2023-05-18 11:00:44,575 [Worker-52: Building] INFO  o.a.m.s.f.DefaultMavenResourcesFiltering - Copying 1 resource from src\main\resources to target\classes
2023-05-18 11:00:44,583 [Worker-52: Building] INFO  o.a.m.s.f.DefaultMavenResourcesFiltering - Copying 0 resource from src\main\resources to target\classes
2023-05-18 11:00:44,586 [Worker-52: Building] INFO  o.a.m.s.f.DefaultMavenResourcesFiltering - skip non existing resourceDirectory C:\Users\VJP-USER\Desktop\Data\STS4\vtes\src\test\resources
2023-05-18 11:00:52,064 [Worker-55: Building] INFO  o.a.m.s.f.DefaultMavenResourcesFiltering - Copying 1 resource from src\main\resources to target\classes
2023-05-18 11:00:52,070 [Worker-55: Building] INFO  o.a.m.s.f.DefaultMavenResourcesFiltering - Copying 0 resource from src\main\resources to target\classes
2023-05-18 11:00:52,073 [Worker-55: Building] INFO  o.a.m.s.f.DefaultMavenResourcesFiltering - skip non existing resourceDirectory C:\Users\VJP-USER\Desktop\Data\STS4\vtes\src\test\resources
2023-05-18 11:01:13,319 [Worker-52: Building] INFO  o.a.m.s.f.DefaultMavenResourcesFiltering - Copying 1 resource from src\main\resources to target\classes
2023-05-18 11:01:13,325 [Worker-52: Building] INFO  o.a.m.s.f.DefaultMavenResourcesFiltering - Copying 0 resource from src\main\resources to target\classes
2023-05-18 11:01:13,329 [Worker-52: Building] INFO  o.a.m.s.f.DefaultMavenResourcesFiltering - skip non existing resourceDirectory C:\Users\VJP-USER\Desktop\Data\STS4\vtes\src\test\resources
2023-05-18 11:02:51,536 [Worker-57: Building] INFO  o.a.m.s.f.DefaultMavenResourcesFiltering - Copying 1 resource from src\main\resources to target\classes
2023-05-18 11:02:51,540 [Worker-57: Building] INFO  o.a.m.s.f.DefaultMavenResourcesFiltering - Copying 0 resource from src\main\resources to target\classes
2023-05-18 11:02:51,543 [Worker-57: Building] INFO  o.a.m.s.f.DefaultMavenResourcesFiltering - skip non existing resourceDirectory C:\Users\VJP-USER\Desktop\Data\STS4\vtes\src\test\resources
2023-05-18 11:03:11,837 [Worker-59: Building] INFO  o.a.m.s.f.DefaultMavenResourcesFiltering - Copying 1 resource from src\main\resources to target\classes
2023-05-18 11:03:11,841 [Worker-59: Building] INFO  o.a.m.s.f.DefaultMavenResourcesFiltering - Copying 0 resource from src\main\resources to target\classes
2023-05-18 11:03:11,842 [Worker-59: Building] INFO  o.a.m.s.f.DefaultMavenResourcesFiltering - skip non existing resourceDirectory C:\Users\VJP-USER\Desktop\Data\STS4\vtes\src\test\resources
2023-05-18 11:10:10,258 [Worker-61: Building] INFO  o.a.m.s.f.DefaultMavenResourcesFiltering - Copying 1 resource from src\main\resources to target\classes
2023-05-18 11:10:10,269 [Worker-61: Building] INFO  o.a.m.s.f.DefaultMavenResourcesFiltering - Copying 0 resource from src\main\resources to target\classes
2023-05-18 11:10:10,273 [Worker-61: Building] INFO  o.a.m.s.f.DefaultMavenResourcesFiltering - skip non existing resourceDirectory C:\Users\VJP-USER\Desktop\Data\STS4\vtes\src\test\resources
2023-05-18 11:11:06,003 [Worker-59: Building] INFO  o.a.m.s.f.DefaultMavenResourcesFiltering - Copying 1 resource from src\main\resources to target\classes
2023-05-18 11:11:06,009 [Worker-59: Building] INFO  o.a.m.s.f.DefaultMavenResourcesFiltering - Copying 0 resource from src\main\resources to target\classes
2023-05-18 11:11:06,011 [Worker-59: Building] INFO  o.a.m.s.f.DefaultMavenResourcesFiltering - skip non existing resourceDirectory C:\Users\VJP-USER\Desktop\Data\STS4\vtes\src\test\resources
2023-05-18 11:12:38,149 [Worker-59: Building] INFO  o.a.m.s.f.DefaultMavenResourcesFiltering - Copying 1 resource from src\main\resources to target\classes
2023-05-18 11:12:38,155 [Worker-59: Building] INFO  o.a.m.s.f.DefaultMavenResourcesFiltering - Copying 0 resource from src\main\resources to target\classes
2023-05-18 11:12:38,157 [Worker-59: Building] INFO  o.a.m.s.f.DefaultMavenResourcesFiltering - skip non existing resourceDirectory C:\Users\VJP-USER\Desktop\Data\STS4\vtes\src\test\resources
2023-05-18 11:19:19,614 [Worker-59: Building] INFO  o.a.m.s.f.DefaultMavenResourcesFiltering - Copying 1 resource from src\main\resources to target\classes
2023-05-18 11:19:19,621 [Worker-59: Building] INFO  o.a.m.s.f.DefaultMavenResourcesFiltering - Copying 0 resource from src\main\resources to target\classes
2023-05-18 11:19:19,623 [Worker-59: Building] INFO  o.a.m.s.f.DefaultMavenResourcesFiltering - skip non existing resourceDirectory C:\Users\VJP-USER\Desktop\Data\STS4\vtes\src\test\resources
2023-05-18 11:19:40,571 [Worker-70: Building] INFO  o.a.m.s.f.DefaultMavenResourcesFiltering - Copying 1 resource from src\main\resources to target\classes
2023-05-18 11:19:40,577 [Worker-70: Building] INFO  o.a.m.s.f.DefaultMavenResourcesFiltering - Copying 0 resource from src\main\resources to target\classes
2023-05-18 11:19:40,579 [Worker-70: Building] INFO  o.a.m.s.f.DefaultMavenResourcesFiltering - skip non existing resourceDirectory C:\Users\VJP-USER\Desktop\Data\STS4\vtes\src\test\resources
2023-05-18 11:19:56,874 [Worker-69: Building] INFO  o.a.m.s.f.DefaultMavenResourcesFiltering - Copying 0 resource from src\main\resources to target\classes
2023-05-18 11:19:56,874 [Worker-69: Building] INFO  o.a.m.s.f.DefaultMavenResourcesFiltering - Copying 0 resource from src\main\resources to target\classes
2023-05-18 11:19:56,877 [Worker-69: Building] INFO  o.a.m.s.f.DefaultMavenResourcesFiltering - skip non existing resourceDirectory C:\Users\VJP-USER\Desktop\Data\STS4\vtes\src\test\resources
2023-05-18 11:45:30,917 [Worker-74: Building] INFO  o.a.m.s.f.DefaultMavenResourcesFiltering - Copying 0 resource from src\main\resources to target\classes
2023-05-18 11:45:30,917 [Worker-74: Building] INFO  o.a.m.s.f.DefaultMavenResourcesFiltering - Copying 0 resource from src\main\resources to target\classes
2023-05-18 11:45:30,917 [Worker-74: Building] INFO  o.a.m.s.f.DefaultMavenResourcesFiltering - skip non existing resourceDirectory C:\Users\VJP-USER\Desktop\Data\STS4\vtes\src\test\resources
